[0.010s] Invoking command in '/home/gopi/friday_ws/build/friday_config': CMAKE_PREFIX_PATH=/opt/ros/humble /usr/bin/cmake /home/gopi/friday_ws/src/champ/friday_config -DAMENT_CMAKE_SYMLINK_INSTALL=1 -DCMAKE_INSTALL_PREFIX=/home/gopi/friday_ws/install/friday_config
[0.041s] -- The C compiler identification is GNU 11.4.0
[0.077s] -- The CXX compiler identification is GNU 11.4.0
[0.082s] -- Detecting C compiler ABI info
[0.123s] -- Detecting C compiler ABI info - done
[0.128s] -- Check for working C compiler: /usr/bin/cc - skipped
[0.128s] -- Detecting C compile features
[0.129s] -- Detecting C compile features - done
[0.131s] -- Detecting CXX compiler ABI info
[0.185s] -- Detecting CXX compiler ABI info - done
[0.189s] -- Check for working CXX compiler: /usr/bin/c++ - skipped
[0.190s] -- Detecting CXX compile features
[0.190s] -- Detecting CXX compile features - done
[0.191s] -- Found ament_cmake: 1.3.12 (/opt/ros/humble/share/ament_cmake/cmake)
[0.289s] -- Found Python3: /usr/bin/python3 (found version "3.10.12") found components: Interpreter 
[0.341s] -- Override CMake install command with custom implementation using symlinks instead of copying resources
[0.417s] -- Configuring done
[0.418s] -- Generating done
[0.419s] -- Build files have been written to: /home/gopi/friday_ws/build/friday_config
[0.422s] Invoked command in '/home/gopi/friday_ws/build/friday_config' returned '0': CMAKE_PREFIX_PATH=/opt/ros/humble /usr/bin/cmake /home/gopi/friday_ws/src/champ/friday_config -DAMENT_CMAKE_SYMLINK_INSTALL=1 -DCMAKE_INSTALL_PREFIX=/home/gopi/friday_ws/install/friday_config
[0.424s] Invoking command in '/home/gopi/friday_ws/build/friday_config': CMAKE_PREFIX_PATH=/opt/ros/humble /usr/bin/cmake --build /home/gopi/friday_ws/build/friday_config -- -j20 -l20
[0.451s] Invoked command in '/home/gopi/friday_ws/build/friday_config' returned '0': CMAKE_PREFIX_PATH=/opt/ros/humble /usr/bin/cmake --build /home/gopi/friday_ws/build/friday_config -- -j20 -l20
[0.453s] Invoking command in '/home/gopi/friday_ws/build/friday_config': CMAKE_PREFIX_PATH=/opt/ros/humble /usr/bin/cmake --install /home/gopi/friday_ws/build/friday_config
[0.457s] -- Install configuration: ""
[0.457s] -- Execute custom install script
[0.458s] -- Symlinking: /home/gopi/friday_ws/install/friday_config/share/friday_config/launch/bringup.launch.py
[0.464s] -- Symlinking: /home/gopi/friday_ws/install/friday_config/share/friday_config/launch/navigate.launch.py
[0.469s] -- Symlinking: /home/gopi/friday_ws/install/friday_config/share/friday_config/launch/slam.launch.py
[0.477s] -- Symlinking: /home/gopi/friday_ws/install/friday_config/share/friday_config/config/autonomy/navigation.yaml
[0.484s] -- Symlinking: /home/gopi/friday_ws/install/friday_config/share/friday_config/config/autonomy/slam.yaml
[0.488s] -- Symlinking: /home/gopi/friday_ws/install/friday_config/share/friday_config/config/gait/gait.yaml
[0.494s] -- Symlinking: /home/gopi/friday_ws/install/friday_config/share/friday_config/config/joints/joints.yaml
[0.501s] -- Symlinking: /home/gopi/friday_ws/install/friday_config/share/friday_config/config/links/links.yaml
[0.507s] -- Symlinking: /home/gopi/friday_ws/install/friday_config/share/friday_config/maps/map.pgm
[0.513s] -- Symlinking: /home/gopi/friday_ws/install/friday_config/share/friday_config/maps/map.yaml
[0.518s] -- Symlinking: /home/gopi/friday_ws/install/friday_config/share/friday_config/worlds/default.world
[0.523s] -- Symlinking: /home/gopi/friday_ws/install/friday_config/share/friday_config/worlds/outdoor.world
[0.530s] -- Symlinking: /home/gopi/friday_ws/install/friday_config/share/ament_index/resource_index/package_run_dependencies/friday_config
[0.535s] -- Symlinking: /home/gopi/friday_ws/install/friday_config/share/ament_index/resource_index/parent_prefix_path/friday_config
[0.539s] -- Symlinking: /home/gopi/friday_ws/install/friday_config/share/friday_config/environment/ament_prefix_path.sh
[0.546s] -- Symlinking: /home/gopi/friday_ws/install/friday_config/share/friday_config/environment/ament_prefix_path.dsv
[0.550s] -- Symlinking: /home/gopi/friday_ws/install/friday_config/share/friday_config/environment/path.sh
[0.555s] -- Symlinking: /home/gopi/friday_ws/install/friday_config/share/friday_config/environment/path.dsv
[0.562s] -- Symlinking: /home/gopi/friday_ws/install/friday_config/share/friday_config/local_setup.bash
[0.567s] -- Symlinking: /home/gopi/friday_ws/install/friday_config/share/friday_config/local_setup.sh
[0.572s] -- Symlinking: /home/gopi/friday_ws/install/friday_config/share/friday_config/local_setup.zsh
[0.577s] -- Symlinking: /home/gopi/friday_ws/install/friday_config/share/friday_config/local_setup.dsv
[0.584s] -- Symlinking: /home/gopi/friday_ws/install/friday_config/share/friday_config/package.dsv
[0.591s] -- Symlinking: /home/gopi/friday_ws/install/friday_config/share/ament_index/resource_index/packages/friday_config
[0.598s] -- Symlinking: /home/gopi/friday_ws/install/friday_config/share/friday_config/cmake/friday_configConfig.cmake
[0.604s] -- Symlinking: /home/gopi/friday_ws/install/friday_config/share/friday_config/cmake/friday_configConfig-version.cmake
[0.609s] -- Symlinking: /home/gopi/friday_ws/install/friday_config/share/friday_config/package.xml
[0.619s] Invoked command in '/home/gopi/friday_ws/build/friday_config' returned '0': CMAKE_PREFIX_PATH=/opt/ros/humble /usr/bin/cmake --install /home/gopi/friday_ws/build/friday_config
