-- Install configuration: ""
-- Execute custom install script
-- Up-to-date symlink: /home/gopi/friday_ws/install/friday_config/share/friday_config/launch/bringup.launch.py
-- Up-to-date symlink: /home/gopi/friday_ws/install/friday_config/share/friday_config/launch/navigate.launch.py
-- Up-to-date symlink: /home/gopi/friday_ws/install/friday_config/share/friday_config/launch/slam.launch.py
-- Up-to-date symlink: /home/gopi/friday_ws/install/friday_config/share/friday_config/config/autonomy/navigation.yaml
-- Up-to-date symlink: /home/gopi/friday_ws/install/friday_config/share/friday_config/config/autonomy/slam.yaml
-- Up-to-date symlink: /home/gopi/friday_ws/install/friday_config/share/friday_config/config/gait/gait.yaml
-- Up-to-date symlink: /home/gopi/friday_ws/install/friday_config/share/friday_config/config/joints/joints.yaml
-- Up-to-date symlink: /home/gopi/friday_ws/install/friday_config/share/friday_config/config/links/links.yaml
-- Up-to-date symlink: /home/gopi/friday_ws/install/friday_config/share/friday_config/maps/map.pgm
-- Up-to-date symlink: /home/gopi/friday_ws/install/friday_config/share/friday_config/maps/map.yaml
-- Up-to-date symlink: /home/gopi/friday_ws/install/friday_config/share/friday_config/worlds/default.world
-- Up-to-date symlink: /home/gopi/friday_ws/install/friday_config/share/friday_config/worlds/outdoor.world
-- Up-to-date symlink: /home/gopi/friday_ws/install/friday_config/share/ament_index/resource_index/package_run_dependencies/friday_config
-- Up-to-date symlink: /home/gopi/friday_ws/install/friday_config/share/ament_index/resource_index/parent_prefix_path/friday_config
-- Up-to-date symlink: /home/gopi/friday_ws/install/friday_config/share/friday_config/environment/ament_prefix_path.sh
-- Up-to-date symlink: /home/gopi/friday_ws/install/friday_config/share/friday_config/environment/ament_prefix_path.dsv
-- Up-to-date symlink: /home/gopi/friday_ws/install/friday_config/share/friday_config/environment/path.sh
-- Up-to-date symlink: /home/gopi/friday_ws/install/friday_config/share/friday_config/environment/path.dsv
-- Up-to-date symlink: /home/gopi/friday_ws/install/friday_config/share/friday_config/local_setup.bash
-- Up-to-date symlink: /home/gopi/friday_ws/install/friday_config/share/friday_config/local_setup.sh
-- Up-to-date symlink: /home/gopi/friday_ws/install/friday_config/share/friday_config/local_setup.zsh
-- Up-to-date symlink: /home/gopi/friday_ws/install/friday_config/share/friday_config/local_setup.dsv
-- Symlinking: /home/gopi/friday_ws/install/friday_config/share/friday_config/package.dsv
-- Up-to-date symlink: /home/gopi/friday_ws/install/friday_config/share/ament_index/resource_index/packages/friday_config
-- Up-to-date symlink: /home/gopi/friday_ws/install/friday_config/share/friday_config/cmake/friday_configConfig.cmake
-- Up-to-date symlink: /home/gopi/friday_ws/install/friday_config/share/friday_config/cmake/friday_configConfig-version.cmake
-- Up-to-date symlink: /home/gopi/friday_ws/install/friday_config/share/friday_config/package.xml
