[0.013s] Invoking command in '/home/gopi/friday_ws/build/champ_teleop': CMAKE_PREFIX_PATH=${CMAKE_PREFIX_PATH}:/opt/ros/humble /usr/bin/cmake --build /home/gopi/friday_ws/build/champ_teleop -- -j20 -l20
[0.038s] Invoked command in '/home/gopi/friday_ws/build/champ_teleop' returned '0': CMAKE_PREFIX_PATH=${CMAKE_PREFIX_PATH}:/opt/ros/humble /usr/bin/cmake --build /home/gopi/friday_ws/build/champ_teleop -- -j20 -l20
[0.039s] Invoking command in '/home/gopi/friday_ws/build/champ_teleop': CMAKE_PREFIX_PATH=${CMAKE_PREFIX_PATH}:/opt/ros/humble /usr/bin/cmake --install /home/gopi/friday_ws/build/champ_teleop
[0.049s] -- Install configuration: ""
[0.049s] -- Execute custom install script
[0.050s] -- Up-to-date symlink: /home/gopi/friday_ws/install/champ_teleop/share/champ_teleop/launch/teleop.launch.py
[0.050s] -- Up-to-date symlink: /home/gopi/friday_ws/install/champ_teleop/lib/champ_teleop/champ_teleop.py
[0.050s] -- Up-to-date symlink: /home/gopi/friday_ws/install/champ_teleop/share/ament_index/resource_index/package_run_dependencies/champ_teleop
[0.050s] -- Up-to-date symlink: /home/gopi/friday_ws/install/champ_teleop/share/ament_index/resource_index/parent_prefix_path/champ_teleop
[0.050s] -- Up-to-date symlink: /home/gopi/friday_ws/install/champ_teleop/share/champ_teleop/environment/ament_prefix_path.sh
[0.050s] -- Up-to-date symlink: /home/gopi/friday_ws/install/champ_teleop/share/champ_teleop/environment/ament_prefix_path.dsv
[0.050s] -- Up-to-date symlink: /home/gopi/friday_ws/install/champ_teleop/share/champ_teleop/environment/path.sh
[0.050s] -- Up-to-date symlink: /home/gopi/friday_ws/install/champ_teleop/share/champ_teleop/environment/path.dsv
[0.050s] -- Up-to-date symlink: /home/gopi/friday_ws/install/champ_teleop/share/champ_teleop/local_setup.bash
[0.051s] -- Up-to-date symlink: /home/gopi/friday_ws/install/champ_teleop/share/champ_teleop/local_setup.sh
[0.053s] -- Up-to-date symlink: /home/gopi/friday_ws/install/champ_teleop/share/champ_teleop/local_setup.zsh
[0.053s] -- Up-to-date symlink: /home/gopi/friday_ws/install/champ_teleop/share/champ_teleop/local_setup.dsv
[0.053s] -- Symlinking: /home/gopi/friday_ws/install/champ_teleop/share/champ_teleop/package.dsv
[0.054s] -- Up-to-date symlink: /home/gopi/friday_ws/install/champ_teleop/share/ament_index/resource_index/packages/champ_teleop
[0.054s] -- Up-to-date symlink: /home/gopi/friday_ws/install/champ_teleop/share/champ_teleop/cmake/champ_teleopConfig.cmake
[0.054s] -- Up-to-date symlink: /home/gopi/friday_ws/install/champ_teleop/share/champ_teleop/cmake/champ_teleopConfig-version.cmake
[0.055s] -- Up-to-date symlink: /home/gopi/friday_ws/install/champ_teleop/share/champ_teleop/package.xml
[0.071s] Invoked command in '/home/gopi/friday_ws/build/champ_teleop' returned '0': CMAKE_PREFIX_PATH=${CMAKE_PREFIX_PATH}:/opt/ros/humble /usr/bin/cmake --install /home/gopi/friday_ws/build/champ_teleop
