[0.006s] Invoking command in '/home/gopi/friday_ws/build/champ_base': AMENT_PREFIX_PATH=/home/gopi/friday_ws/install/champ_msgs:/home/gopi/friday_ws/install/champ:${AMENT_PREFIX_PATH} CMAKE_PREFIX_PATH=/home/gopi/friday_ws/install/champ_msgs:/home/gopi/friday_ws/install/champ:/opt/ros/humble LD_LIBRARY_PATH=/home/gopi/friday_ws/install/champ_msgs/lib:${LD_LIBRARY_PATH} PYTHONPATH=/home/gopi/friday_ws/install/champ_msgs/local/lib/python3.10/dist-packages:${PYTHONPATH} /usr/bin/cmake /home/gopi/friday_ws/src/champ/champ_base -DAMENT_CMAKE_SYMLINK_INSTALL=1 -DCMAKE_INSTALL_PREFIX=/home/gopi/friday_ws/install/champ_base
[0.043s] -- The C compiler identification is GNU 11.4.0
[0.077s] -- The CXX compiler identification is GNU 11.4.0
[0.081s] -- Detecting C compiler ABI info
[0.131s] -- Detecting C compiler ABI info - done
[0.136s] -- Check for working C compiler: /usr/bin/cc - skipped
[0.136s] -- Detecting C compile features
[0.136s] -- Detecting C compile features - done
[0.139s] -- Detecting CXX compiler ABI info
[0.226s] -- Detecting CXX compiler ABI info - done
[0.231s] -- Check for working CXX compiler: /usr/bin/c++ - skipped
[0.231s] -- Detecting CXX compile features
[0.231s] -- Detecting CXX compile features - done
[0.233s] -- Found ament_cmake: 1.3.12 (/opt/ros/humble/share/ament_cmake/cmake)
[0.331s] -- Found Python3: /usr/bin/python3 (found version "3.10.12") found components: Interpreter 
[0.365s] -- Override CMake install command with custom implementation using symlinks instead of copying resources
[0.384s] -- Found rclcpp: 16.0.15 (/opt/ros/humble/share/rclcpp/cmake)
[0.410s] -- Found rosidl_generator_c: 3.1.7 (/opt/ros/humble/share/rosidl_generator_c/cmake)
[0.413s] -- Found rosidl_adapter: 3.1.7 (/opt/ros/humble/share/rosidl_adapter/cmake)
[0.418s] -- Found rosidl_generator_cpp: 3.1.7 (/opt/ros/humble/share/rosidl_generator_cpp/cmake)
[0.424s] -- Using all available rosidl_typesupport_c: rosidl_typesupport_fastrtps_c;rosidl_typesupport_introspection_c
[0.433s] -- Using all available rosidl_typesupport_cpp: rosidl_typesupport_fastrtps_cpp;rosidl_typesupport_introspection_cpp
[0.458s] -- Found rmw_implementation_cmake: 6.1.2 (/opt/ros/humble/share/rmw_implementation_cmake/cmake)
[0.459s] -- Found rmw_cyclonedds_cpp: 1.3.4 (/opt/ros/humble/share/rmw_cyclonedds_cpp/cmake)
[0.471s] -- Using RMW implementation 'rmw_cyclonedds_cpp' as default
[0.476s] -- Looking for pthread.h
[0.525s] -- Looking for pthread.h - found
[0.526s] -- Performing Test CMAKE_HAVE_LIBC_PTHREAD
[0.596s] -- Performing Test CMAKE_HAVE_LIBC_PTHREAD - Success
[0.597s] -- Found Threads: TRUE  
[0.626s] -- Found rclpy: 3.3.17 (/opt/ros/humble/share/rclpy/cmake)
[0.626s] -- Found champ_msgs: 0.1.0 (/home/gopi/friday_ws/install/champ_msgs/share/champ_msgs/cmake)
[0.643s] -- Found visualization_msgs: 4.9.0 (/opt/ros/humble/share/visualization_msgs/cmake)
[0.663s] -- Found trajectory_msgs: 4.9.0 (/opt/ros/humble/share/trajectory_msgs/cmake)
[0.673s] -- Found nav_msgs: 4.9.0 (/opt/ros/humble/share/nav_msgs/cmake)
[0.682s] -- Found tf2_ros: 0.25.16 (/opt/ros/humble/share/tf2_ros/cmake)
[0.737s] -- Found urdf: 2.6.1 (/opt/ros/humble/share/urdf/cmake)
[0.752s] -- Found champ: 0.1.0 (/home/gopi/friday_ws/install/champ/share/champ/cmake)
[0.803s] -- Configuring done
[0.824s] -- Generating done
[0.832s] -- Build files have been written to: /home/gopi/friday_ws/build/champ_base
[0.838s] Invoked command in '/home/gopi/friday_ws/build/champ_base' returned '0': AMENT_PREFIX_PATH=/home/gopi/friday_ws/install/champ_msgs:/home/gopi/friday_ws/install/champ:${AMENT_PREFIX_PATH} CMAKE_PREFIX_PATH=/home/gopi/friday_ws/install/champ_msgs:/home/gopi/friday_ws/install/champ:/opt/ros/humble LD_LIBRARY_PATH=/home/gopi/friday_ws/install/champ_msgs/lib:${LD_LIBRARY_PATH} PYTHONPATH=/home/gopi/friday_ws/install/champ_msgs/local/lib/python3.10/dist-packages:${PYTHONPATH} /usr/bin/cmake /home/gopi/friday_ws/src/champ/champ_base -DAMENT_CMAKE_SYMLINK_INSTALL=1 -DCMAKE_INSTALL_PREFIX=/home/gopi/friday_ws/install/champ_base
[0.839s] Invoking command in '/home/gopi/friday_ws/build/champ_base': AMENT_PREFIX_PATH=/home/gopi/friday_ws/install/champ_msgs:/home/gopi/friday_ws/install/champ:${AMENT_PREFIX_PATH} CMAKE_PREFIX_PATH=/home/gopi/friday_ws/install/champ_msgs:/home/gopi/friday_ws/install/champ:/opt/ros/humble LD_LIBRARY_PATH=/home/gopi/friday_ws/install/champ_msgs/lib:${LD_LIBRARY_PATH} PYTHONPATH=/home/gopi/friday_ws/install/champ_msgs/local/lib/python3.10/dist-packages:${PYTHONPATH} /usr/bin/cmake --build /home/gopi/friday_ws/build/champ_base -- -j20 -l20
[0.875s] [  8%] [32mBuilding CXX object CMakeFiles/state_estimation.dir/src/state_estimation.cpp.o[0m
[0.875s] [ 16%] [32mBuilding CXX object CMakeFiles/quadruped_controller.dir/src/quadruped_controller.cpp.o[0m
[0.876s] [ 25%] [32mBuilding CXX object CMakeFiles/message_relay.dir/src/message_relay.cpp.o[0m
[7.925s] [ 33%] [32m[1mLinking CXX shared library libquadruped_controller.so[0m
[8.336s] [ 33%] Built target quadruped_controller
[8.350s] [ 41%] [32mBuilding CXX object CMakeFiles/quadruped_controller_node.dir/src/quadruped_controller_node.cpp.o[0m
[9.852s] [ 50%] [32m[1mLinking CXX shared library libmessage_relay.so[0m
[10.384s] [ 58%] [32m[1mLinking CXX executable quadruped_controller_node[0m
[10.427s] [ 58%] Built target message_relay
[10.445s] [ 66%] [32mBuilding CXX object CMakeFiles/message_relay_node.dir/src/message_relay_node.cpp.o[0m
[10.589s] [ 66%] Built target quadruped_controller_node
[11.199s] [ 75%] [32m[1mLinking CXX shared library libstate_estimation.so[0m
[11.782s] [ 75%] Built target state_estimation
[11.797s] [ 83%] [32mBuilding CXX object CMakeFiles/state_estimation_node.dir/src/state_estimation_node.cpp.o[0m
[12.210s] [ 91%] [32m[1mLinking CXX executable message_relay_node[0m
[12.437s] [ 91%] Built target message_relay_node
[14.778s] [100%] [32m[1mLinking CXX executable state_estimation_node[0m
[15.023s] [100%] Built target state_estimation_node
[15.034s] Invoked command in '/home/gopi/friday_ws/build/champ_base' returned '0': AMENT_PREFIX_PATH=/home/gopi/friday_ws/install/champ_msgs:/home/gopi/friday_ws/install/champ:${AMENT_PREFIX_PATH} CMAKE_PREFIX_PATH=/home/gopi/friday_ws/install/champ_msgs:/home/gopi/friday_ws/install/champ:/opt/ros/humble LD_LIBRARY_PATH=/home/gopi/friday_ws/install/champ_msgs/lib:${LD_LIBRARY_PATH} PYTHONPATH=/home/gopi/friday_ws/install/champ_msgs/local/lib/python3.10/dist-packages:${PYTHONPATH} /usr/bin/cmake --build /home/gopi/friday_ws/build/champ_base -- -j20 -l20
[15.035s] Invoking command in '/home/gopi/friday_ws/build/champ_base': AMENT_PREFIX_PATH=/home/gopi/friday_ws/install/champ_msgs:/home/gopi/friday_ws/install/champ:${AMENT_PREFIX_PATH} CMAKE_PREFIX_PATH=/home/gopi/friday_ws/install/champ_msgs:/home/gopi/friday_ws/install/champ:/opt/ros/humble LD_LIBRARY_PATH=/home/gopi/friday_ws/install/champ_msgs/lib:${LD_LIBRARY_PATH} PYTHONPATH=/home/gopi/friday_ws/install/champ_msgs/local/lib/python3.10/dist-packages:${PYTHONPATH} /usr/bin/cmake --install /home/gopi/friday_ws/build/champ_base
[15.039s] -- Install configuration: ""
[15.039s] -- Execute custom install script
[15.040s] -- Symlinking: /home/gopi/friday_ws/install/champ_base/share/champ_base/config/ekf/base_to_footprint.yaml
[15.045s] -- Symlinking: /home/gopi/friday_ws/install/champ_base/share/champ_base/config/ekf/footprint_to_odom.yaml
[15.050s] -- Symlinking: /home/gopi/friday_ws/install/champ_base/share/champ_base/config/velocity_smoother/velocity_smoother.yaml
[15.058s] -- Symlinking: /home/gopi/friday_ws/install/champ_base/lib/libquadruped_controller.so
[15.064s] -- Symlinking: /home/gopi/friday_ws/install/champ_base/bin/quadruped_controller_node
[15.069s] -- Symlinking: /home/gopi/friday_ws/install/champ_base/lib/libmessage_relay.so
[15.076s] -- Symlinking: /home/gopi/friday_ws/install/champ_base/bin/message_relay_node
[15.083s] -- Symlinking: /home/gopi/friday_ws/install/champ_base/lib/libstate_estimation.so
[15.088s] -- Symlinking: /home/gopi/friday_ws/install/champ_base/bin/state_estimation_node
[15.094s] -- Symlinking: /home/gopi/friday_ws/install/champ_base/lib/champ_base/quadruped_controller_node
[15.100s] -- Symlinking: /home/gopi/friday_ws/install/champ_base/lib/champ_base/message_relay_node
[15.108s] -- Symlinking: /home/gopi/friday_ws/install/champ_base/lib/champ_base/state_estimation_node
[15.113s] -- Symlinking: /home/gopi/friday_ws/install/champ_base/share/ament_index/resource_index/package_run_dependencies/champ_base
[15.118s] -- Symlinking: /home/gopi/friday_ws/install/champ_base/share/ament_index/resource_index/parent_prefix_path/champ_base
[15.123s] -- Symlinking: /home/gopi/friday_ws/install/champ_base/share/champ_base/environment/ament_prefix_path.sh
[15.128s] -- Symlinking: /home/gopi/friday_ws/install/champ_base/share/champ_base/environment/ament_prefix_path.dsv
[15.135s] -- Symlinking: /home/gopi/friday_ws/install/champ_base/share/champ_base/environment/path.sh
[15.139s] -- Symlinking: /home/gopi/friday_ws/install/champ_base/share/champ_base/environment/path.dsv
[15.146s] -- Symlinking: /home/gopi/friday_ws/install/champ_base/share/champ_base/local_setup.bash
[15.150s] -- Symlinking: /home/gopi/friday_ws/install/champ_base/share/champ_base/local_setup.sh
[15.156s] -- Symlinking: /home/gopi/friday_ws/install/champ_base/share/champ_base/local_setup.zsh
[15.160s] -- Symlinking: /home/gopi/friday_ws/install/champ_base/share/champ_base/local_setup.dsv
[15.165s] -- Symlinking: /home/gopi/friday_ws/install/champ_base/share/champ_base/package.dsv
[15.169s] -- Symlinking: /home/gopi/friday_ws/install/champ_base/share/ament_index/resource_index/packages/champ_base
[15.176s] -- Symlinking: /home/gopi/friday_ws/install/champ_base/share/champ_base/cmake/ament_cmake_export_include_directories-extras.cmake
[15.181s] -- Symlinking: /home/gopi/friday_ws/install/champ_base/share/champ_base/cmake/ament_cmake_export_dependencies-extras.cmake
[15.188s] -- Symlinking: /home/gopi/friday_ws/install/champ_base/share/champ_base/cmake/champ_baseConfig.cmake
[15.194s] -- Symlinking: /home/gopi/friday_ws/install/champ_base/share/champ_base/cmake/champ_baseConfig-version.cmake
[15.199s] -- Symlinking: /home/gopi/friday_ws/install/champ_base/share/champ_base/package.xml
[15.208s] Invoked command in '/home/gopi/friday_ws/build/champ_base' returned '0': AMENT_PREFIX_PATH=/home/gopi/friday_ws/install/champ_msgs:/home/gopi/friday_ws/install/champ:${AMENT_PREFIX_PATH} CMAKE_PREFIX_PATH=/home/gopi/friday_ws/install/champ_msgs:/home/gopi/friday_ws/install/champ:/opt/ros/humble LD_LIBRARY_PATH=/home/gopi/friday_ws/install/champ_msgs/lib:${LD_LIBRARY_PATH} PYTHONPATH=/home/gopi/friday_ws/install/champ_msgs/local/lib/python3.10/dist-packages:${PYTHONPATH} /usr/bin/cmake --install /home/gopi/friday_ws/build/champ_base
