[0.010s] Invoking command in '/home/gopi/friday_ws/build/champ_description': CMAKE_PREFIX_PATH=/opt/ros/humble /usr/bin/cmake /home/gopi/friday_ws/src/champ/champ_description -DAMENT_CMAKE_SYMLINK_INSTALL=1 -DCMAKE_INSTALL_PREFIX=/home/gopi/friday_ws/install/champ_description
[0.049s] -- The C compiler identification is GNU 11.4.0
[0.084s] -- The CXX compiler identification is GNU 11.4.0
[0.090s] -- Detecting C compiler ABI info
[0.131s] -- Detecting C compiler ABI info - done
[0.135s] -- Check for working C compiler: /usr/bin/cc - skipped
[0.136s] -- Detecting C compile features
[0.136s] -- Detecting C compile features - done
[0.138s] -- Detecting CXX compiler ABI info
[0.194s] -- Detecting CXX compiler ABI info - done
[0.200s] -- Check for working CXX compiler: /usr/bin/c++ - skipped
[0.200s] -- Detecting CXX compile features
[0.200s] -- Detecting CXX compile features - done
[0.202s] -- Found ament_cmake: 1.3.12 (/opt/ros/humble/share/ament_cmake/cmake)
[0.305s] -- Found Python3: /usr/bin/python3 (found version "3.10.12") found components: Interpreter 
[0.344s] -- Override CMake install command with custom implementation using symlinks instead of copying resources
[0.368s] -- Found ament_lint_auto: 0.12.14 (/opt/ros/humble/share/ament_lint_auto/cmake)
[0.407s] -- Configuring done
[0.408s] -- Generating done
[0.409s] -- Build files have been written to: /home/gopi/friday_ws/build/champ_description
[0.413s] Invoked command in '/home/gopi/friday_ws/build/champ_description' returned '0': CMAKE_PREFIX_PATH=/opt/ros/humble /usr/bin/cmake /home/gopi/friday_ws/src/champ/champ_description -DAMENT_CMAKE_SYMLINK_INSTALL=1 -DCMAKE_INSTALL_PREFIX=/home/gopi/friday_ws/install/champ_description
[0.414s] Invoking command in '/home/gopi/friday_ws/build/champ_description': CMAKE_PREFIX_PATH=/opt/ros/humble /usr/bin/cmake --build /home/gopi/friday_ws/build/champ_description -- -j20 -l20
[0.450s] Invoked command in '/home/gopi/friday_ws/build/champ_description' returned '0': CMAKE_PREFIX_PATH=/opt/ros/humble /usr/bin/cmake --build /home/gopi/friday_ws/build/champ_description -- -j20 -l20
[0.451s] Invoking command in '/home/gopi/friday_ws/build/champ_description': CMAKE_PREFIX_PATH=/opt/ros/humble /usr/bin/cmake --install /home/gopi/friday_ws/build/champ_description
[0.458s] -- Install configuration: ""
[0.458s] -- Execute custom install script
[0.458s] -- Symlinking: /home/gopi/friday_ws/install/champ_description/share/champ_description/launch/description.launch
[0.463s] -- Symlinking: /home/gopi/friday_ws/install/champ_description/share/champ_description/launch/description.launch.py
[0.470s] -- Symlinking: /home/gopi/friday_ws/install/champ_description/share/champ_description/launch/view_urdf.launch
[0.477s] -- Symlinking: /home/gopi/friday_ws/install/champ_description/share/champ_description/rviz/urdf_viewer.rviz
[0.482s] -- Symlinking: /home/gopi/friday_ws/install/champ_description/share/champ_description/meshes/base_link.STL
[0.487s] -- Symlinking: /home/gopi/friday_ws/install/champ_description/share/champ_description/meshes/fl_abad_link.STL
[0.493s] -- Symlinking: /home/gopi/friday_ws/install/champ_description/share/champ_description/meshes/fl_foot_link.STL
[0.500s] -- Symlinking: /home/gopi/friday_ws/install/champ_description/share/champ_description/meshes/fl_lower_leg_link.STL
[0.504s] -- Symlinking: /home/gopi/friday_ws/install/champ_description/share/champ_description/meshes/fl_upper_leg_link.STL
[0.509s] -- Symlinking: /home/gopi/friday_ws/install/champ_description/share/champ_description/meshes/fr_abad_link.STL
[0.513s] -- Symlinking: /home/gopi/friday_ws/install/champ_description/share/champ_description/meshes/fr_foot_link.STL
[0.518s] -- Symlinking: /home/gopi/friday_ws/install/champ_description/share/champ_description/meshes/fr_lower_leg_link.STL
[0.525s] -- Symlinking: /home/gopi/friday_ws/install/champ_description/share/champ_description/meshes/fr_upper_leg_linnk.STL
[0.529s] -- Symlinking: /home/gopi/friday_ws/install/champ_description/share/champ_description/meshes/hl_abad_link.STL
[0.534s] -- Symlinking: /home/gopi/friday_ws/install/champ_description/share/champ_description/meshes/hl_foot_link.STL
[0.539s] -- Symlinking: /home/gopi/friday_ws/install/champ_description/share/champ_description/meshes/hl_lower_leg_link.STL
[0.543s] -- Symlinking: /home/gopi/friday_ws/install/champ_description/share/champ_description/meshes/hl_upper_leg_linnk.STL
[0.548s] -- Symlinking: /home/gopi/friday_ws/install/champ_description/share/champ_description/meshes/hr_abad_link.STL
[0.553s] -- Symlinking: /home/gopi/friday_ws/install/champ_description/share/champ_description/meshes/hr_foot_link.STL
[0.558s] -- Symlinking: /home/gopi/friday_ws/install/champ_description/share/champ_description/meshes/hr_lower_leg_link.STL
[0.563s] -- Symlinking: /home/gopi/friday_ws/install/champ_description/share/champ_description/meshes/hr_upper_leg_link.STL
[0.568s] -- Symlinking: /home/gopi/friday_ws/install/champ_description/share/champ_description/urdf/friday.urdf
[0.573s] -- Symlinking: /home/gopi/friday_ws/install/champ_description/share/champ_description/urdf/friday_robot.csv
[0.579s] -- Symlinking: /home/gopi/friday_ws/install/champ_description/share/ament_index/resource_index/package_run_dependencies/champ_description
[0.587s] -- Symlinking: /home/gopi/friday_ws/install/champ_description/share/ament_index/resource_index/parent_prefix_path/champ_description
[0.591s] -- Symlinking: /home/gopi/friday_ws/install/champ_description/share/champ_description/environment/ament_prefix_path.sh
[0.596s] -- Symlinking: /home/gopi/friday_ws/install/champ_description/share/champ_description/environment/ament_prefix_path.dsv
[0.603s] -- Symlinking: /home/gopi/friday_ws/install/champ_description/share/champ_description/environment/path.sh
[0.608s] -- Symlinking: /home/gopi/friday_ws/install/champ_description/share/champ_description/environment/path.dsv
[0.614s] -- Symlinking: /home/gopi/friday_ws/install/champ_description/share/champ_description/local_setup.bash
[0.621s] -- Symlinking: /home/gopi/friday_ws/install/champ_description/share/champ_description/local_setup.sh
[0.628s] -- Symlinking: /home/gopi/friday_ws/install/champ_description/share/champ_description/local_setup.zsh
[0.633s] -- Symlinking: /home/gopi/friday_ws/install/champ_description/share/champ_description/local_setup.dsv
[0.638s] -- Symlinking: /home/gopi/friday_ws/install/champ_description/share/champ_description/package.dsv
[0.644s] -- Symlinking: /home/gopi/friday_ws/install/champ_description/share/ament_index/resource_index/packages/champ_description
[0.649s] -- Symlinking: /home/gopi/friday_ws/install/champ_description/share/champ_description/cmake/champ_descriptionConfig.cmake
[0.653s] -- Symlinking: /home/gopi/friday_ws/install/champ_description/share/champ_description/cmake/champ_descriptionConfig-version.cmake
[0.660s] -- Symlinking: /home/gopi/friday_ws/install/champ_description/share/champ_description/package.xml
[0.667s] Invoked command in '/home/gopi/friday_ws/build/champ_description' returned '0': CMAKE_PREFIX_PATH=/opt/ros/humble /usr/bin/cmake --install /home/gopi/friday_ws/build/champ_description
