[0.013s] Invoking command in '/home/gopi/friday_ws/build/champ': CMAKE_PREFIX_PATH=/opt/ros/humble /usr/bin/cmake /home/gopi/friday_ws/src/champ/champ -DAMENT_CMAKE_SYMLINK_INSTALL=1 -DCMAKE_INSTALL_PREFIX=/home/gopi/friday_ws/install/champ
[0.051s] -- The C compiler identification is GNU 11.4.0
[0.092s] -- The CXX compiler identification is GNU 11.4.0
[0.098s] -- Detecting C compiler ABI info
[0.144s] -- Detecting C compiler ABI info - done
[0.149s] -- Check for working C compiler: /usr/bin/cc - skipped
[0.149s] -- Detecting C compile features
[0.149s] -- Detecting C compile features - done
[0.151s] -- Detecting CXX compiler ABI info
[0.204s] -- Detecting CXX compiler ABI info - done
[0.210s] -- Check for working CXX compiler: /usr/bin/c++ - skipped
[0.210s] -- Detecting CXX compile features
[0.210s] -- Detecting CXX compile features - done
[0.212s] -- Found ament_cmake: 1.3.12 (/opt/ros/humble/share/ament_cmake/cmake)
[0.316s] -- Found Python3: /usr/bin/python3 (found version "3.10.12") found components: Interpreter 
[0.358s] -- Override CMake install command with custom implementation using symlinks instead of copying resources
[0.377s] -- Found rclcpp: 16.0.15 (/opt/ros/humble/share/rclcpp/cmake)
[0.404s] -- Found rosidl_generator_c: 3.1.7 (/opt/ros/humble/share/rosidl_generator_c/cmake)
[0.407s] -- Found rosidl_adapter: 3.1.7 (/opt/ros/humble/share/rosidl_adapter/cmake)
[0.413s] -- Found rosidl_generator_cpp: 3.1.7 (/opt/ros/humble/share/rosidl_generator_cpp/cmake)
[0.420s] -- Using all available rosidl_typesupport_c: rosidl_typesupport_fastrtps_c;rosidl_typesupport_introspection_c
[0.431s] -- Using all available rosidl_typesupport_cpp: rosidl_typesupport_fastrtps_cpp;rosidl_typesupport_introspection_cpp
[0.461s] -- Found rmw_implementation_cmake: 6.1.2 (/opt/ros/humble/share/rmw_implementation_cmake/cmake)
[0.463s] -- Found rmw_cyclonedds_cpp: 1.3.4 (/opt/ros/humble/share/rmw_cyclonedds_cpp/cmake)
[0.475s] -- Using RMW implementation 'rmw_cyclonedds_cpp' as default
[0.481s] -- Looking for pthread.h
[0.529s] -- Looking for pthread.h - found
[0.529s] -- Performing Test CMAKE_HAVE_LIBC_PTHREAD
[0.577s] -- Performing Test CMAKE_HAVE_LIBC_PTHREAD - Success
[0.577s] -- Found Threads: TRUE  
[0.610s] -- Found ament_lint_auto: 0.12.14 (/opt/ros/humble/share/ament_lint_auto/cmake)
[0.658s] -- Configuring done
[0.660s] -- Generating done
[0.661s] -- Build files have been written to: /home/gopi/friday_ws/build/champ
[0.666s] Invoked command in '/home/gopi/friday_ws/build/champ' returned '0': CMAKE_PREFIX_PATH=/opt/ros/humble /usr/bin/cmake /home/gopi/friday_ws/src/champ/champ -DAMENT_CMAKE_SYMLINK_INSTALL=1 -DCMAKE_INSTALL_PREFIX=/home/gopi/friday_ws/install/champ
[0.667s] Invoking command in '/home/gopi/friday_ws/build/champ': CMAKE_PREFIX_PATH=/opt/ros/humble /usr/bin/cmake --build /home/gopi/friday_ws/build/champ -- -j20 -l20
[0.693s] Invoked command in '/home/gopi/friday_ws/build/champ' returned '0': CMAKE_PREFIX_PATH=/opt/ros/humble /usr/bin/cmake --build /home/gopi/friday_ws/build/champ -- -j20 -l20
[0.694s] Invoking command in '/home/gopi/friday_ws/build/champ': CMAKE_PREFIX_PATH=/opt/ros/humble /usr/bin/cmake --install /home/gopi/friday_ws/build/champ
[0.700s] -- Install configuration: ""
[0.700s] -- Execute custom install script
[0.700s] -- Symlinking: /home/gopi/friday_ws/install/champ/include/champ/LICENSE
[0.707s] -- Symlinking: /home/gopi/friday_ws/install/champ/include/champ/README.md
[0.712s] -- Symlinking: /home/gopi/friday_ws/install/champ/include/champ/bla/basic_linear_algebra.h
[0.717s] -- Symlinking: /home/gopi/friday_ws/install/champ/include/champ/bla/memory_delegate.h
[0.723s] -- Symlinking: /home/gopi/friday_ws/install/champ/include/champ/body_controller/body_controller.h
[0.729s] -- Symlinking: /home/gopi/friday_ws/install/champ/include/champ/geometry/geometry.h
[0.735s] -- Symlinking: /home/gopi/friday_ws/install/champ/include/champ/kinematics/kinematics.h
[0.739s] -- Symlinking: /home/gopi/friday_ws/install/champ/include/champ/leg_controller/leg_controller.h
[0.746s] -- Symlinking: /home/gopi/friday_ws/install/champ/include/champ/leg_controller/phase_generator.h
[0.752s] -- Symlinking: /home/gopi/friday_ws/install/champ/include/champ/leg_controller/trajectory_planner.h
[0.757s] -- Symlinking: /home/gopi/friday_ws/install/champ/include/champ/macros/macros.h
[0.762s] -- Symlinking: /home/gopi/friday_ws/install/champ/include/champ/odometry/odometry.h
[0.768s] -- Symlinking: /home/gopi/friday_ws/install/champ/include/champ/quadruped_base/quadruped_base.h
[0.773s] -- Symlinking: /home/gopi/friday_ws/install/champ/include/champ/quadruped_base/quadruped_components.h
[0.778s] -- Symlinking: /home/gopi/friday_ws/install/champ/include/champ/quadruped_base/quadruped_joint.h
[0.782s] -- Symlinking: /home/gopi/friday_ws/install/champ/include/champ/quadruped_base/quadruped_leg.h
[0.787s] -- Symlinking: /home/gopi/friday_ws/install/champ/include/champ/utils/urdf_loader.h
[0.793s] -- Symlinking: /home/gopi/friday_ws/install/champ/include/champ/utils/xmlrpc_helpers.h
[0.798s] -- Symlinking: /home/gopi/friday_ws/install/champ/share/ament_index/resource_index/package_run_dependencies/champ
[0.803s] -- Symlinking: /home/gopi/friday_ws/install/champ/share/ament_index/resource_index/parent_prefix_path/champ
[0.809s] -- Symlinking: /home/gopi/friday_ws/install/champ/share/champ/environment/ament_prefix_path.sh
[0.813s] -- Symlinking: /home/gopi/friday_ws/install/champ/share/champ/environment/ament_prefix_path.dsv
[0.819s] -- Symlinking: /home/gopi/friday_ws/install/champ/share/champ/environment/path.sh
[0.826s] -- Symlinking: /home/gopi/friday_ws/install/champ/share/champ/environment/path.dsv
[0.832s] -- Symlinking: /home/gopi/friday_ws/install/champ/share/champ/local_setup.bash
[0.837s] -- Symlinking: /home/gopi/friday_ws/install/champ/share/champ/local_setup.sh
[0.842s] -- Symlinking: /home/gopi/friday_ws/install/champ/share/champ/local_setup.zsh
[0.848s] -- Symlinking: /home/gopi/friday_ws/install/champ/share/champ/local_setup.dsv
[0.855s] -- Symlinking: /home/gopi/friday_ws/install/champ/share/champ/package.dsv
[0.861s] -- Symlinking: /home/gopi/friday_ws/install/champ/share/ament_index/resource_index/packages/champ
[0.866s] -- Symlinking: /home/gopi/friday_ws/install/champ/share/champ/cmake/ament_cmake_export_include_directories-extras.cmake
[0.872s] -- Symlinking: /home/gopi/friday_ws/install/champ/share/champ/cmake/champConfig.cmake
[0.878s] -- Symlinking: /home/gopi/friday_ws/install/champ/share/champ/cmake/champConfig-version.cmake
[0.882s] -- Symlinking: /home/gopi/friday_ws/install/champ/share/champ/package.xml
[0.890s] Invoked command in '/home/gopi/friday_ws/build/champ' returned '0': CMAKE_PREFIX_PATH=/opt/ros/humble /usr/bin/cmake --install /home/gopi/friday_ws/build/champ
