[0.017s] Invoking command in '/home/gopi/friday_ws/build/champ': CMAKE_PREFIX_PATH=${CMAKE_PREFIX_PATH}:/opt/ros/humble /usr/bin/cmake --build /home/gopi/friday_ws/build/champ -- -j20 -l20
[0.053s] Invoked command in '/home/gopi/friday_ws/build/champ' returned '0': CMAKE_PREFIX_PATH=${CMAKE_PREFIX_PATH}:/opt/ros/humble /usr/bin/cmake --build /home/gopi/friday_ws/build/champ -- -j20 -l20
[0.057s] Invoking command in '/home/gopi/friday_ws/build/champ': CMAKE_PREFIX_PATH=${CMAKE_PREFIX_PATH}:/opt/ros/humble /usr/bin/cmake --install /home/gopi/friday_ws/build/champ
[0.064s] -- Install configuration: ""
[0.064s] -- Execute custom install script
[0.064s] -- Up-to-date symlink: /home/gopi/friday_ws/install/champ/include/champ/LICENSE
[0.065s] -- Up-to-date symlink: /home/gopi/friday_ws/install/champ/include/champ/README.md
[0.065s] -- Up-to-date symlink: /home/gopi/friday_ws/install/champ/include/champ/bla/basic_linear_algebra.h
[0.065s] -- Up-to-date symlink: /home/gopi/friday_ws/install/champ/include/champ/bla/memory_delegate.h
[0.065s] -- Up-to-date symlink: /home/gopi/friday_ws/install/champ/include/champ/body_controller/body_controller.h
[0.065s] -- Up-to-date symlink: /home/gopi/friday_ws/install/champ/include/champ/geometry/geometry.h
[0.065s] -- Up-to-date symlink: /home/gopi/friday_ws/install/champ/include/champ/kinematics/kinematics.h
[0.065s] -- Up-to-date symlink: /home/gopi/friday_ws/install/champ/include/champ/leg_controller/leg_controller.h
[0.065s] -- Up-to-date symlink: /home/gopi/friday_ws/install/champ/include/champ/leg_controller/phase_generator.h
[0.066s] -- Up-to-date symlink: /home/gopi/friday_ws/install/champ/include/champ/leg_controller/trajectory_planner.h
[0.066s] -- Up-to-date symlink: /home/gopi/friday_ws/install/champ/include/champ/macros/macros.h
[0.066s] -- Up-to-date symlink: /home/gopi/friday_ws/install/champ/include/champ/odometry/odometry.h
[0.066s] -- Up-to-date symlink: /home/gopi/friday_ws/install/champ/include/champ/quadruped_base/quadruped_base.h
[0.066s] -- Up-to-date symlink: /home/gopi/friday_ws/install/champ/include/champ/quadruped_base/quadruped_components.h
[0.066s] -- Up-to-date symlink: /home/gopi/friday_ws/install/champ/include/champ/quadruped_base/quadruped_joint.h
[0.066s] -- Up-to-date symlink: /home/gopi/friday_ws/install/champ/include/champ/quadruped_base/quadruped_leg.h
[0.066s] -- Up-to-date symlink: /home/gopi/friday_ws/install/champ/include/champ/utils/urdf_loader.h
[0.066s] -- Up-to-date symlink: /home/gopi/friday_ws/install/champ/include/champ/utils/xmlrpc_helpers.h
[0.066s] -- Up-to-date symlink: /home/gopi/friday_ws/install/champ/share/ament_index/resource_index/package_run_dependencies/champ
[0.066s] -- Up-to-date symlink: /home/gopi/friday_ws/install/champ/share/ament_index/resource_index/parent_prefix_path/champ
[0.066s] -- Up-to-date symlink: /home/gopi/friday_ws/install/champ/share/champ/environment/ament_prefix_path.sh
[0.067s] -- Up-to-date symlink: /home/gopi/friday_ws/install/champ/share/champ/environment/ament_prefix_path.dsv
[0.067s] -- Up-to-date symlink: /home/gopi/friday_ws/install/champ/share/champ/environment/path.sh
[0.067s] -- Up-to-date symlink: /home/gopi/friday_ws/install/champ/share/champ/environment/path.dsv
[0.067s] -- Up-to-date symlink: /home/gopi/friday_ws/install/champ/share/champ/local_setup.bash
[0.067s] -- Up-to-date symlink: /home/gopi/friday_ws/install/champ/share/champ/local_setup.sh
[0.067s] -- Up-to-date symlink: /home/gopi/friday_ws/install/champ/share/champ/local_setup.zsh
[0.067s] -- Up-to-date symlink: /home/gopi/friday_ws/install/champ/share/champ/local_setup.dsv
[0.067s] -- Symlinking: /home/gopi/friday_ws/install/champ/share/champ/package.dsv
[0.071s] -- Up-to-date symlink: /home/gopi/friday_ws/install/champ/share/ament_index/resource_index/packages/champ
[0.071s] -- Up-to-date symlink: /home/gopi/friday_ws/install/champ/share/champ/cmake/ament_cmake_export_include_directories-extras.cmake
[0.071s] -- Up-to-date symlink: /home/gopi/friday_ws/install/champ/share/champ/cmake/champConfig.cmake
[0.072s] -- Up-to-date symlink: /home/gopi/friday_ws/install/champ/share/champ/cmake/champConfig-version.cmake
[0.072s] -- Up-to-date symlink: /home/gopi/friday_ws/install/champ/share/champ/package.xml
[0.106s] Invoked command in '/home/gopi/friday_ws/build/champ' returned '0': CMAKE_PREFIX_PATH=${CMAKE_PREFIX_PATH}:/opt/ros/humble /usr/bin/cmake --install /home/gopi/friday_ws/build/champ
