[0.008s] Invoking command in '/home/gopi/friday_ws/build/champ_bringup': AMENT_PREFIX_PATH=/home/gopi/friday_ws/install/champ_base:/home/gopi/friday_ws/install/champ_msgs:/home/gopi/friday_ws/install/champ_description:/home/gopi/friday_ws/install/champ:${AMENT_PREFIX_PATH} CMAKE_PREFIX_PATH=/home/gopi/friday_ws/install/champ_base:/home/gopi/friday_ws/install/champ_msgs:/home/gopi/friday_ws/install/champ_description:/home/gopi/friday_ws/install/champ:/opt/ros/humble LD_LIBRARY_PATH=/home/gopi/friday_ws/install/champ_base/lib:/home/gopi/friday_ws/install/champ_msgs/lib:${LD_LIBRARY_PATH} PATH=/home/gopi/friday_ws/install/champ_base/bin:${PATH} PYTHONPATH=/home/gopi/friday_ws/install/champ_msgs/local/lib/python3.10/dist-packages:${PYTHONPATH} /usr/bin/cmake /home/gopi/friday_ws/src/champ/champ_bringup -DAMENT_CMAKE_SYMLINK_INSTALL=1 -DCMAKE_INSTALL_PREFIX=/home/gopi/friday_ws/install/champ_bringup
[0.052s] -- The C compiler identification is GNU 11.4.0
[0.089s] -- The CXX compiler identification is GNU 11.4.0
[0.094s] -- Detecting C compiler ABI info
[0.164s] -- Detecting C compiler ABI info - done
[0.172s] -- Check for working C compiler: /usr/bin/cc - skipped
[0.172s] -- Detecting C compile features
[0.172s] -- Detecting C compile features - done
[0.175s] -- Detecting CXX compiler ABI info
[0.237s] -- Detecting CXX compiler ABI info - done
[0.243s] -- Check for working CXX compiler: /usr/bin/c++ - skipped
[0.243s] -- Detecting CXX compile features
[0.243s] -- Detecting CXX compile features - done
[0.245s] -- Found ament_cmake: 1.3.12 (/opt/ros/humble/share/ament_cmake/cmake)
[0.346s] -- Found Python3: /usr/bin/python3 (found version "3.10.12") found components: Interpreter 
[0.382s] -- Override CMake install command with custom implementation using symlinks instead of copying resources
[0.486s] -- Configuring done
[0.487s] -- Generating done
[0.488s] -- Build files have been written to: /home/gopi/friday_ws/build/champ_bringup
[0.491s] Invoked command in '/home/gopi/friday_ws/build/champ_bringup' returned '0': AMENT_PREFIX_PATH=/home/gopi/friday_ws/install/champ_base:/home/gopi/friday_ws/install/champ_msgs:/home/gopi/friday_ws/install/champ_description:/home/gopi/friday_ws/install/champ:${AMENT_PREFIX_PATH} CMAKE_PREFIX_PATH=/home/gopi/friday_ws/install/champ_base:/home/gopi/friday_ws/install/champ_msgs:/home/gopi/friday_ws/install/champ_description:/home/gopi/friday_ws/install/champ:/opt/ros/humble LD_LIBRARY_PATH=/home/gopi/friday_ws/install/champ_base/lib:/home/gopi/friday_ws/install/champ_msgs/lib:${LD_LIBRARY_PATH} PATH=/home/gopi/friday_ws/install/champ_base/bin:${PATH} PYTHONPATH=/home/gopi/friday_ws/install/champ_msgs/local/lib/python3.10/dist-packages:${PYTHONPATH} /usr/bin/cmake /home/gopi/friday_ws/src/champ/champ_bringup -DAMENT_CMAKE_SYMLINK_INSTALL=1 -DCMAKE_INSTALL_PREFIX=/home/gopi/friday_ws/install/champ_bringup
[0.492s] Invoking command in '/home/gopi/friday_ws/build/champ_bringup': AMENT_PREFIX_PATH=/home/gopi/friday_ws/install/champ_base:/home/gopi/friday_ws/install/champ_msgs:/home/gopi/friday_ws/install/champ_description:/home/gopi/friday_ws/install/champ:${AMENT_PREFIX_PATH} CMAKE_PREFIX_PATH=/home/gopi/friday_ws/install/champ_base:/home/gopi/friday_ws/install/champ_msgs:/home/gopi/friday_ws/install/champ_description:/home/gopi/friday_ws/install/champ:/opt/ros/humble LD_LIBRARY_PATH=/home/gopi/friday_ws/install/champ_base/lib:/home/gopi/friday_ws/install/champ_msgs/lib:${LD_LIBRARY_PATH} PATH=/home/gopi/friday_ws/install/champ_base/bin:${PATH} PYTHONPATH=/home/gopi/friday_ws/install/champ_msgs/local/lib/python3.10/dist-packages:${PYTHONPATH} /usr/bin/cmake --build /home/gopi/friday_ws/build/champ_bringup -- -j20 -l20
[0.535s] Built target ament_cmake_python_symlink_champ_bringup
[0.672s] running egg_info
[0.672s] creating champ_bringup.egg-info
[0.673s] writing champ_bringup.egg-info/PKG-INFO
[0.673s] writing dependency_links to champ_bringup.egg-info/dependency_links.txt
[0.673s] writing top-level names to champ_bringup.egg-info/top_level.txt
[0.673s] writing manifest file 'champ_bringup.egg-info/SOURCES.txt'
[0.673s] reading manifest file 'champ_bringup.egg-info/SOURCES.txt'
[0.674s] writing manifest file 'champ_bringup.egg-info/SOURCES.txt'
[0.689s] Built target ament_cmake_python_build_champ_bringup_egg
[0.697s] Invoked command in '/home/gopi/friday_ws/build/champ_bringup' returned '0': AMENT_PREFIX_PATH=/home/gopi/friday_ws/install/champ_base:/home/gopi/friday_ws/install/champ_msgs:/home/gopi/friday_ws/install/champ_description:/home/gopi/friday_ws/install/champ:${AMENT_PREFIX_PATH} CMAKE_PREFIX_PATH=/home/gopi/friday_ws/install/champ_base:/home/gopi/friday_ws/install/champ_msgs:/home/gopi/friday_ws/install/champ_description:/home/gopi/friday_ws/install/champ:/opt/ros/humble LD_LIBRARY_PATH=/home/gopi/friday_ws/install/champ_base/lib:/home/gopi/friday_ws/install/champ_msgs/lib:${LD_LIBRARY_PATH} PATH=/home/gopi/friday_ws/install/champ_base/bin:${PATH} PYTHONPATH=/home/gopi/friday_ws/install/champ_msgs/local/lib/python3.10/dist-packages:${PYTHONPATH} /usr/bin/cmake --build /home/gopi/friday_ws/build/champ_bringup -- -j20 -l20
[0.698s] Invoking command in '/home/gopi/friday_ws/build/champ_bringup': AMENT_PREFIX_PATH=/home/gopi/friday_ws/install/champ_base:/home/gopi/friday_ws/install/champ_msgs:/home/gopi/friday_ws/install/champ_description:/home/gopi/friday_ws/install/champ:${AMENT_PREFIX_PATH} CMAKE_PREFIX_PATH=/home/gopi/friday_ws/install/champ_base:/home/gopi/friday_ws/install/champ_msgs:/home/gopi/friday_ws/install/champ_description:/home/gopi/friday_ws/install/champ:/opt/ros/humble LD_LIBRARY_PATH=/home/gopi/friday_ws/install/champ_base/lib:/home/gopi/friday_ws/install/champ_msgs/lib:${LD_LIBRARY_PATH} PATH=/home/gopi/friday_ws/install/champ_base/bin:${PATH} PYTHONPATH=/home/gopi/friday_ws/install/champ_msgs/local/lib/python3.10/dist-packages:${PYTHONPATH} /usr/bin/cmake --install /home/gopi/friday_ws/build/champ_bringup
[0.702s] -- Install configuration: ""
[0.703s] -- Execute custom install script
[0.703s] -- Symlinking: /home/gopi/friday_ws/install/champ_bringup/share/champ_bringup/launch/bringup.launch
[0.710s] -- Symlinking: /home/gopi/friday_ws/install/champ_bringup/share/champ_bringup/launch/bringup.launch.py
[0.715s] -- Symlinking: /home/gopi/friday_ws/install/champ_bringup/share/champ_bringup/launch/include/laser/d435.launch
[0.720s] -- Symlinking: /home/gopi/friday_ws/install/champ_bringup/share/champ_bringup/launch/include/laser/hokuyo.launch
[0.725s] -- Symlinking: /home/gopi/friday_ws/install/champ_bringup/share/champ_bringup/launch/include/laser/kinect.launch
[0.731s] -- Symlinking: /home/gopi/friday_ws/install/champ_bringup/share/champ_bringup/launch/include/laser/lms1xx.launch
[0.736s] -- Symlinking: /home/gopi/friday_ws/install/champ_bringup/share/champ_bringup/launch/include/laser/realsense.launch
[0.743s] -- Symlinking: /home/gopi/friday_ws/install/champ_bringup/share/champ_bringup/launch/include/laser/rplidar.launch
[0.748s] -- Symlinking: /home/gopi/friday_ws/install/champ_bringup/share/champ_bringup/launch/include/laser/sim.launch
[0.753s] -- Symlinking: /home/gopi/friday_ws/install/champ_bringup/share/champ_bringup/launch/include/laser/sweep.launch
[0.759s] -- Symlinking: /home/gopi/friday_ws/install/champ_bringup/share/champ_bringup/launch/include/laser/xv11.launch
[0.764s] -- Symlinking: /home/gopi/friday_ws/install/champ_bringup/share/champ_bringup/launch/include/laser/ydlidar.launch
[0.771s] -- Symlinking: /home/gopi/friday_ws/install/champ_bringup/share/champ_bringup/launch/include/velocity_smoother.launch
[0.777s] -- Symlinking: /home/gopi/friday_ws/install/champ_bringup/share/champ_bringup/launch/joints_gui.launch
[0.781s] -- Symlinking: /home/gopi/friday_ws/install/champ_bringup/share/champ_bringup/launch/joints_gui.launch.py
[0.787s] -- Symlinking: /home/gopi/friday_ws/install/champ_bringup/share/champ_bringup/environment/pythonpath.sh
[0.793s] -- Symlinking: /home/gopi/friday_ws/install/champ_bringup/share/champ_bringup/environment/pythonpath.dsv
[0.800s] -- Symlinking: /home/gopi/friday_ws/install/champ_bringup/local/lib/python3.10/dist-packages/champ_bringup-0.1.0-py3.10.egg-info/PKG-INFO
[0.809s] -- Symlinking: /home/gopi/friday_ws/install/champ_bringup/local/lib/python3.10/dist-packages/champ_bringup-0.1.0-py3.10.egg-info/SOURCES.txt
[0.820s] -- Symlinking: /home/gopi/friday_ws/install/champ_bringup/local/lib/python3.10/dist-packages/champ_bringup-0.1.0-py3.10.egg-info/dependency_links.txt
[0.829s] -- Symlinking: /home/gopi/friday_ws/install/champ_bringup/local/lib/python3.10/dist-packages/champ_bringup-0.1.0-py3.10.egg-info/top_level.txt
[0.836s] -- Symlinking: /home/gopi/friday_ws/install/champ_bringup/local/lib/python3.10/dist-packages/champ_bringup/__init__.py
[0.845s] -- Symlinking: /home/gopi/friday_ws/install/champ_bringup/local/lib/python3.10/dist-packages/champ_bringup/joint_calibrator_relay.py
[0.852s] -- Symlinking: /home/gopi/friday_ws/install/champ_bringup/lib/champ_bringup/joint_calibrator_relay.py
[0.861s] -- Symlinking: /home/gopi/friday_ws/install/champ_bringup/share/ament_index/resource_index/package_run_dependencies/champ_bringup
[0.870s] -- Symlinking: /home/gopi/friday_ws/install/champ_bringup/share/ament_index/resource_index/parent_prefix_path/champ_bringup
[0.879s] -- Symlinking: /home/gopi/friday_ws/install/champ_bringup/share/champ_bringup/environment/ament_prefix_path.sh
[0.884s] -- Symlinking: /home/gopi/friday_ws/install/champ_bringup/share/champ_bringup/environment/ament_prefix_path.dsv
[0.889s] -- Symlinking: /home/gopi/friday_ws/install/champ_bringup/share/champ_bringup/environment/path.sh
[0.894s] -- Symlinking: /home/gopi/friday_ws/install/champ_bringup/share/champ_bringup/environment/path.dsv
[0.900s] -- Symlinking: /home/gopi/friday_ws/install/champ_bringup/share/champ_bringup/local_setup.bash
[0.905s] -- Symlinking: /home/gopi/friday_ws/install/champ_bringup/share/champ_bringup/local_setup.sh
[0.910s] -- Symlinking: /home/gopi/friday_ws/install/champ_bringup/share/champ_bringup/local_setup.zsh
[0.915s] -- Symlinking: /home/gopi/friday_ws/install/champ_bringup/share/champ_bringup/local_setup.dsv
[0.922s] -- Symlinking: /home/gopi/friday_ws/install/champ_bringup/share/champ_bringup/package.dsv
[0.927s] -- Symlinking: /home/gopi/friday_ws/install/champ_bringup/share/ament_index/resource_index/packages/champ_bringup
[0.931s] -- Symlinking: /home/gopi/friday_ws/install/champ_bringup/share/champ_bringup/cmake/champ_bringupConfig.cmake
[0.936s] -- Symlinking: /home/gopi/friday_ws/install/champ_bringup/share/champ_bringup/cmake/champ_bringupConfig-version.cmake
[0.941s] -- Symlinking: /home/gopi/friday_ws/install/champ_bringup/share/champ_bringup/package.xml
[0.964s] Listing '/home/gopi/friday_ws/install/champ_bringup/local/lib/python3.10/dist-packages/champ_bringup'...
[0.964s] Compiling '/home/gopi/friday_ws/install/champ_bringup/local/lib/python3.10/dist-packages/champ_bringup/__init__.py'...
[0.964s] Compiling '/home/gopi/friday_ws/install/champ_bringup/local/lib/python3.10/dist-packages/champ_bringup/joint_calibrator_relay.py'...
[0.969s] Invoked command in '/home/gopi/friday_ws/build/champ_bringup' returned '0': AMENT_PREFIX_PATH=/home/gopi/friday_ws/install/champ_base:/home/gopi/friday_ws/install/champ_msgs:/home/gopi/friday_ws/install/champ_description:/home/gopi/friday_ws/install/champ:${AMENT_PREFIX_PATH} CMAKE_PREFIX_PATH=/home/gopi/friday_ws/install/champ_base:/home/gopi/friday_ws/install/champ_msgs:/home/gopi/friday_ws/install/champ_description:/home/gopi/friday_ws/install/champ:/opt/ros/humble LD_LIBRARY_PATH=/home/gopi/friday_ws/install/champ_base/lib:/home/gopi/friday_ws/install/champ_msgs/lib:${LD_LIBRARY_PATH} PATH=/home/gopi/friday_ws/install/champ_base/bin:${PATH} PYTHONPATH=/home/gopi/friday_ws/install/champ_msgs/local/lib/python3.10/dist-packages:${PYTHONPATH} /usr/bin/cmake --install /home/gopi/friday_ws/build/champ_bringup
