[0.009s] Invoking command in '/home/gopi/friday_ws/build/champ_teleop': CMAKE_PREFIX_PATH=/opt/ros/humble /usr/bin/cmake /home/gopi/friday_ws/src/champ_teleop -DAMENT_CMAKE_SYMLINK_INSTALL=1 -DCMAKE_INSTALL_PREFIX=/home/gopi/friday_ws/install/champ_teleop
[0.049s] -- The C compiler identification is GNU 11.4.0
[0.089s] -- The CXX compiler identification is GNU 11.4.0
[0.095s] -- Detecting C compiler ABI info
[0.141s] -- Detecting C compiler ABI info - done
[0.146s] -- Check for working C compiler: /usr/bin/cc - skipped
[0.146s] -- Detecting C compile features
[0.146s] -- Detecting C compile features - done
[0.148s] -- Detecting CXX compiler ABI info
[0.197s] -- Detecting CXX compiler ABI info - done
[0.203s] -- Check for working CXX compiler: /usr/bin/c++ - skipped
[0.203s] -- Detecting CXX compile features
[0.203s] -- Detecting CXX compile features - done
[0.206s] -- Found ament_cmake: 1.3.12 (/opt/ros/humble/share/ament_cmake/cmake)
[0.308s] -- Found Python3: /usr/bin/python3 (found version "3.10.12") found components: Interpreter 
[0.348s] -- Override CMake install command with custom implementation using symlinks instead of copying resources
[0.411s] -- Configuring done
[0.411s] -- Generating done
[0.412s] -- Build files have been written to: /home/gopi/friday_ws/build/champ_teleop
[0.415s] Invoked command in '/home/gopi/friday_ws/build/champ_teleop' returned '0': CMAKE_PREFIX_PATH=/opt/ros/humble /usr/bin/cmake /home/gopi/friday_ws/src/champ_teleop -DAMENT_CMAKE_SYMLINK_INSTALL=1 -DCMAKE_INSTALL_PREFIX=/home/gopi/friday_ws/install/champ_teleop
[0.417s] Invoking command in '/home/gopi/friday_ws/build/champ_teleop': CMAKE_PREFIX_PATH=/opt/ros/humble /usr/bin/cmake --build /home/gopi/friday_ws/build/champ_teleop -- -j20 -l20
[0.440s] Invoked command in '/home/gopi/friday_ws/build/champ_teleop' returned '0': CMAKE_PREFIX_PATH=/opt/ros/humble /usr/bin/cmake --build /home/gopi/friday_ws/build/champ_teleop -- -j20 -l20
[0.446s] Invoking command in '/home/gopi/friday_ws/build/champ_teleop': CMAKE_PREFIX_PATH=/opt/ros/humble /usr/bin/cmake --install /home/gopi/friday_ws/build/champ_teleop
[0.451s] -- Install configuration: ""
[0.451s] -- Execute custom install script
[0.451s] -- Symlinking: /home/gopi/friday_ws/install/champ_teleop/share/champ_teleop/launch/teleop.launch.py
[0.457s] -- Symlinking: /home/gopi/friday_ws/install/champ_teleop/lib/champ_teleop/champ_teleop.py
[0.461s] -- Symlinking: /home/gopi/friday_ws/install/champ_teleop/share/ament_index/resource_index/package_run_dependencies/champ_teleop
[0.468s] -- Symlinking: /home/gopi/friday_ws/install/champ_teleop/share/ament_index/resource_index/parent_prefix_path/champ_teleop
[0.474s] -- Symlinking: /home/gopi/friday_ws/install/champ_teleop/share/champ_teleop/environment/ament_prefix_path.sh
[0.479s] -- Symlinking: /home/gopi/friday_ws/install/champ_teleop/share/champ_teleop/environment/ament_prefix_path.dsv
[0.486s] -- Symlinking: /home/gopi/friday_ws/install/champ_teleop/share/champ_teleop/environment/path.sh
[0.493s] -- Symlinking: /home/gopi/friday_ws/install/champ_teleop/share/champ_teleop/environment/path.dsv
[0.498s] -- Symlinking: /home/gopi/friday_ws/install/champ_teleop/share/champ_teleop/local_setup.bash
[0.505s] -- Symlinking: /home/gopi/friday_ws/install/champ_teleop/share/champ_teleop/local_setup.sh
[0.512s] -- Symlinking: /home/gopi/friday_ws/install/champ_teleop/share/champ_teleop/local_setup.zsh
[0.519s] -- Symlinking: /home/gopi/friday_ws/install/champ_teleop/share/champ_teleop/local_setup.dsv
[0.525s] -- Symlinking: /home/gopi/friday_ws/install/champ_teleop/share/champ_teleop/package.dsv
[0.531s] -- Symlinking: /home/gopi/friday_ws/install/champ_teleop/share/ament_index/resource_index/packages/champ_teleop
[0.538s] -- Symlinking: /home/gopi/friday_ws/install/champ_teleop/share/champ_teleop/cmake/champ_teleopConfig.cmake
[0.542s] -- Symlinking: /home/gopi/friday_ws/install/champ_teleop/share/champ_teleop/cmake/champ_teleopConfig-version.cmake
[0.549s] -- Symlinking: /home/gopi/friday_ws/install/champ_teleop/share/champ_teleop/package.xml
[0.555s] Invoked command in '/home/gopi/friday_ws/build/champ_teleop' returned '0': CMAKE_PREFIX_PATH=/opt/ros/humble /usr/bin/cmake --install /home/gopi/friday_ws/build/champ_teleop
