[0.009s] Invoking command in '/home/gopi/friday_ws/build/champ_bringup': CMAKE_PREFIX_PATH=/home/gopi/friday_ws/install/champ_base:/home/gopi/friday_ws/install/champ_msgs:/home/gopi/friday_ws/install/champ_description:/home/gopi/friday_ws/install/champ:/home/gopi/friday_ws/install/friday_config:/home/gopi/friday_ws/install/champ_teleop:/home/gopi/friday_ws/install/champ_navigation:/home/gopi/friday_ws/install/champ_bringup:/opt/ros/humble /usr/bin/cmake --build /home/gopi/friday_ws/build/champ_bringup -- -j20 -l20
[0.050s] Built target ament_cmake_python_symlink_champ_bringup
[0.187s] running egg_info
[0.188s] writing champ_bringup.egg-info/PKG-INFO
[0.188s] writing dependency_links to champ_bringup.egg-info/dependency_links.txt
[0.188s] writing top-level names to champ_bringup.egg-info/top_level.txt
[0.189s] reading manifest file 'champ_bringup.egg-info/SOURCES.txt'
[0.189s] writing manifest file 'champ_bringup.egg-info/SOURCES.txt'
[0.205s] Built target ament_cmake_python_build_champ_bringup_egg
[0.213s] Invoked command in '/home/gopi/friday_ws/build/champ_bringup' returned '0': CMAKE_PREFIX_PATH=/home/gopi/friday_ws/install/champ_base:/home/gopi/friday_ws/install/champ_msgs:/home/gopi/friday_ws/install/champ_description:/home/gopi/friday_ws/install/champ:/home/gopi/friday_ws/install/friday_config:/home/gopi/friday_ws/install/champ_teleop:/home/gopi/friday_ws/install/champ_navigation:/home/gopi/friday_ws/install/champ_bringup:/opt/ros/humble /usr/bin/cmake --build /home/gopi/friday_ws/build/champ_bringup -- -j20 -l20
[0.213s] Invoking command in '/home/gopi/friday_ws/build/champ_bringup': CMAKE_PREFIX_PATH=/home/gopi/friday_ws/install/champ_base:/home/gopi/friday_ws/install/champ_msgs:/home/gopi/friday_ws/install/champ_description:/home/gopi/friday_ws/install/champ:/home/gopi/friday_ws/install/friday_config:/home/gopi/friday_ws/install/champ_teleop:/home/gopi/friday_ws/install/champ_navigation:/home/gopi/friday_ws/install/champ_bringup:/opt/ros/humble /usr/bin/cmake --install /home/gopi/friday_ws/build/champ_bringup
[0.218s] -- Install configuration: ""
[0.218s] -- Execute custom install script
[0.219s] -- Up-to-date symlink: /home/gopi/friday_ws/install/champ_bringup/share/champ_bringup/launch/bringup.launch
[0.219s] -- Up-to-date symlink: /home/gopi/friday_ws/install/champ_bringup/share/champ_bringup/launch/bringup.launch.py
[0.219s] -- Up-to-date symlink: /home/gopi/friday_ws/install/champ_bringup/share/champ_bringup/launch/include/laser/d435.launch
[0.219s] -- Up-to-date symlink: /home/gopi/friday_ws/install/champ_bringup/share/champ_bringup/launch/include/laser/hokuyo.launch
[0.219s] -- Up-to-date symlink: /home/gopi/friday_ws/install/champ_bringup/share/champ_bringup/launch/include/laser/kinect.launch
[0.219s] -- Up-to-date symlink: /home/gopi/friday_ws/install/champ_bringup/share/champ_bringup/launch/include/laser/lms1xx.launch
[0.219s] -- Up-to-date symlink: /home/gopi/friday_ws/install/champ_bringup/share/champ_bringup/launch/include/laser/realsense.launch
[0.219s] -- Up-to-date symlink: /home/gopi/friday_ws/install/champ_bringup/share/champ_bringup/launch/include/laser/rplidar.launch
[0.219s] -- Up-to-date symlink: /home/gopi/friday_ws/install/champ_bringup/share/champ_bringup/launch/include/laser/sim.launch
[0.219s] -- Up-to-date symlink: /home/gopi/friday_ws/install/champ_bringup/share/champ_bringup/launch/include/laser/sweep.launch
[0.219s] -- Up-to-date symlink: /home/gopi/friday_ws/install/champ_bringup/share/champ_bringup/launch/include/laser/xv11.launch
[0.219s] -- Up-to-date symlink: /home/gopi/friday_ws/install/champ_bringup/share/champ_bringup/launch/include/laser/ydlidar.launch
[0.219s] -- Up-to-date symlink: /home/gopi/friday_ws/install/champ_bringup/share/champ_bringup/launch/include/velocity_smoother.launch
[0.219s] -- Up-to-date symlink: /home/gopi/friday_ws/install/champ_bringup/share/champ_bringup/launch/joints_gui.launch
[0.219s] -- Up-to-date symlink: /home/gopi/friday_ws/install/champ_bringup/share/champ_bringup/launch/joints_gui.launch.py
[0.219s] -- Up-to-date symlink: /home/gopi/friday_ws/install/champ_bringup/share/champ_bringup/environment/pythonpath.sh
[0.219s] -- Up-to-date symlink: /home/gopi/friday_ws/install/champ_bringup/share/champ_bringup/environment/pythonpath.dsv
[0.220s] -- Up-to-date symlink: /home/gopi/friday_ws/install/champ_bringup/local/lib/python3.10/dist-packages/champ_bringup-0.1.0-py3.10.egg-info/PKG-INFO
[0.220s] -- Up-to-date symlink: /home/gopi/friday_ws/install/champ_bringup/local/lib/python3.10/dist-packages/champ_bringup-0.1.0-py3.10.egg-info/SOURCES.txt
[0.220s] -- Up-to-date symlink: /home/gopi/friday_ws/install/champ_bringup/local/lib/python3.10/dist-packages/champ_bringup-0.1.0-py3.10.egg-info/dependency_links.txt
[0.220s] -- Up-to-date symlink: /home/gopi/friday_ws/install/champ_bringup/local/lib/python3.10/dist-packages/champ_bringup-0.1.0-py3.10.egg-info/top_level.txt
[0.220s] -- Up-to-date symlink: /home/gopi/friday_ws/install/champ_bringup/local/lib/python3.10/dist-packages/champ_bringup/__init__.py
[0.220s] -- Up-to-date symlink: /home/gopi/friday_ws/install/champ_bringup/local/lib/python3.10/dist-packages/champ_bringup/joint_calibrator_relay.py
[0.220s] -- Up-to-date symlink: /home/gopi/friday_ws/install/champ_bringup/lib/champ_bringup/joint_calibrator_relay.py
[0.220s] -- Up-to-date symlink: /home/gopi/friday_ws/install/champ_bringup/share/ament_index/resource_index/package_run_dependencies/champ_bringup
[0.220s] -- Up-to-date symlink: /home/gopi/friday_ws/install/champ_bringup/share/ament_index/resource_index/parent_prefix_path/champ_bringup
[0.220s] -- Up-to-date symlink: /home/gopi/friday_ws/install/champ_bringup/share/champ_bringup/environment/ament_prefix_path.sh
[0.220s] -- Up-to-date symlink: /home/gopi/friday_ws/install/champ_bringup/share/champ_bringup/environment/ament_prefix_path.dsv
[0.220s] -- Up-to-date symlink: /home/gopi/friday_ws/install/champ_bringup/share/champ_bringup/environment/path.sh
[0.220s] -- Up-to-date symlink: /home/gopi/friday_ws/install/champ_bringup/share/champ_bringup/environment/path.dsv
[0.220s] -- Up-to-date symlink: /home/gopi/friday_ws/install/champ_bringup/share/champ_bringup/local_setup.bash
[0.220s] -- Up-to-date symlink: /home/gopi/friday_ws/install/champ_bringup/share/champ_bringup/local_setup.sh
[0.221s] -- Up-to-date symlink: /home/gopi/friday_ws/install/champ_bringup/share/champ_bringup/local_setup.zsh
[0.221s] -- Up-to-date symlink: /home/gopi/friday_ws/install/champ_bringup/share/champ_bringup/local_setup.dsv
[0.221s] -- Symlinking: /home/gopi/friday_ws/install/champ_bringup/share/champ_bringup/package.dsv
[0.227s] -- Up-to-date symlink: /home/gopi/friday_ws/install/champ_bringup/share/ament_index/resource_index/packages/champ_bringup
[0.227s] -- Up-to-date symlink: /home/gopi/friday_ws/install/champ_bringup/share/champ_bringup/cmake/champ_bringupConfig.cmake
[0.227s] -- Up-to-date symlink: /home/gopi/friday_ws/install/champ_bringup/share/champ_bringup/cmake/champ_bringupConfig-version.cmake
[0.227s] -- Up-to-date symlink: /home/gopi/friday_ws/install/champ_bringup/share/champ_bringup/package.xml
[0.246s] Listing '/home/gopi/friday_ws/install/champ_bringup/local/lib/python3.10/dist-packages/champ_bringup'...
[0.250s] Invoked command in '/home/gopi/friday_ws/build/champ_bringup' returned '0': CMAKE_PREFIX_PATH=/home/gopi/friday_ws/install/champ_base:/home/gopi/friday_ws/install/champ_msgs:/home/gopi/friday_ws/install/champ_description:/home/gopi/friday_ws/install/champ:/home/gopi/friday_ws/install/friday_config:/home/gopi/friday_ws/install/champ_teleop:/home/gopi/friday_ws/install/champ_navigation:/home/gopi/friday_ws/install/champ_bringup:/opt/ros/humble /usr/bin/cmake --install /home/gopi/friday_ws/build/champ_bringup
