[0.011s] Invoking command in '/home/gopi/friday_ws/build/champ_msgs': CMAKE_PREFIX_PATH=/opt/ros/humble /usr/bin/cmake /home/gopi/friday_ws/src/champ/champ_msgs -DAMENT_CMAKE_SYMLINK_INSTALL=1 -DCMAKE_INSTALL_PREFIX=/home/gopi/friday_ws/install/champ_msgs
[0.048s] -- The C compiler identification is GNU 11.4.0
[0.083s] -- The CXX compiler identification is GNU 11.4.0
[0.088s] -- Detecting C compiler ABI info
[0.128s] -- Detecting C compiler ABI info - done
[0.133s] -- Check for working C compiler: /usr/bin/cc - skipped
[0.133s] -- Detecting C compile features
[0.133s] -- Detecting C compile features - done
[0.135s] -- Detecting CXX compiler ABI info
[0.188s] -- Detecting CXX compiler ABI info - done
[0.193s] -- Check for working CXX compiler: /usr/bin/c++ - skipped
[0.193s] -- Detecting CXX compile features
[0.193s] -- Detecting CXX compile features - done
[0.195s] -- Found ament_cmake: 1.3.12 (/opt/ros/humble/share/ament_cmake/cmake)
[0.299s] -- Found Python3: /usr/bin/python3 (found version "3.10.12") found components: Interpreter 
[0.337s] -- Override CMake install command with custom implementation using symlinks instead of copying resources
[0.359s] -- Found rosidl_default_generators: 1.2.0 (/opt/ros/humble/share/rosidl_default_generators/cmake)
[0.360s] -- Using all available rosidl_typesupport_c: rosidl_typesupport_fastrtps_c;rosidl_typesupport_introspection_c
[0.365s] -- Found rosidl_adapter: 3.1.7 (/opt/ros/humble/share/rosidl_adapter/cmake)
[0.390s] -- Using all available rosidl_typesupport_cpp: rosidl_typesupport_fastrtps_cpp;rosidl_typesupport_introspection_cpp
[0.412s] -- Found std_msgs: 4.9.0 (/opt/ros/humble/share/std_msgs/cmake)
[0.429s] -- Found geometry_msgs: 4.9.0 (/opt/ros/humble/share/geometry_msgs/cmake)
[0.644s] -- Found ament_cmake_ros: 0.10.0 (/opt/ros/humble/share/ament_cmake_ros/cmake)
[0.793s] -- Using all available rosidl_typesupport_c: rosidl_typesupport_fastrtps_c;rosidl_typesupport_introspection_c
[0.984s] -- Using all available rosidl_typesupport_cpp: rosidl_typesupport_fastrtps_cpp;rosidl_typesupport_introspection_cpp
[1.000s] -- Found PythonInterp: /usr/bin/python3 (found suitable version "3.10.12", minimum required is "3.6") 
[1.001s] -- Found python_cmake_module: 0.10.0 (/opt/ros/humble/share/python_cmake_module/cmake)
[1.019s] -- Found PythonLibs: /usr/lib/x86_64-linux-gnu/libpython3.10.so (found suitable version "3.10.12", minimum required is "3.5") 
[1.019s] -- Using PYTHON_EXECUTABLE: /usr/bin/python3
[1.019s] -- Using PYTHON_INCLUDE_DIRS: /usr/include/python3.10
[1.019s] -- Using PYTHON_LIBRARIES: /usr/lib/x86_64-linux-gnu/libpython3.10.so
[1.032s] -- Found PythonExtra: .so  
[1.069s] -- Found ament_lint_auto: 0.12.14 (/opt/ros/humble/share/ament_lint_auto/cmake)
[1.073s] -- Configuring done
[1.096s] -- Generating done
[1.102s] -- Build files have been written to: /home/gopi/friday_ws/build/champ_msgs
[1.107s] Invoked command in '/home/gopi/friday_ws/build/champ_msgs' returned '0': CMAKE_PREFIX_PATH=/opt/ros/humble /usr/bin/cmake /home/gopi/friday_ws/src/champ/champ_msgs -DAMENT_CMAKE_SYMLINK_INSTALL=1 -DCMAKE_INSTALL_PREFIX=/home/gopi/friday_ws/install/champ_msgs
[1.107s] Invoking command in '/home/gopi/friday_ws/build/champ_msgs': CMAKE_PREFIX_PATH=/opt/ros/humble /usr/bin/cmake --build /home/gopi/friday_ws/build/champ_msgs -- -j20 -l20
[1.137s] [  1%] [34m[1mGenerating C code for ROS interfaces[0m
[1.144s] [  2%] [34m[1mGenerating C++ code for ROS interfaces[0m
[1.150s] [  2%] Built target ament_cmake_python_symlink_champ_msgs
[1.291s] running egg_info
[1.291s] creating champ_msgs.egg-info
[1.291s] writing champ_msgs.egg-info/PKG-INFO
[1.292s] writing dependency_links to champ_msgs.egg-info/dependency_links.txt
[1.292s] writing top-level names to champ_msgs.egg-info/top_level.txt
[1.292s] writing manifest file 'champ_msgs.egg-info/SOURCES.txt'
[1.293s] reading manifest file 'champ_msgs.egg-info/SOURCES.txt'
[1.293s] writing manifest file 'champ_msgs.egg-info/SOURCES.txt'
[1.310s] [  2%] Built target ament_cmake_python_build_champ_msgs_egg
[1.480s] [  3%] [32mBuilding C object CMakeFiles/champ_msgs__rosidl_generator_c.dir/rosidl_generator_c/champ_msgs/msg/detail/velocities__functions.c.o[0m
[1.480s] [  6%] [32mBuilding C object CMakeFiles/champ_msgs__rosidl_generator_c.dir/rosidl_generator_c/champ_msgs/msg/detail/pid__functions.c.o[0m
[1.480s] [  6%] [32mBuilding C object CMakeFiles/champ_msgs__rosidl_generator_c.dir/rosidl_generator_c/champ_msgs/msg/detail/point__functions.c.o[0m
[1.480s] [  6%] [32mBuilding C object CMakeFiles/champ_msgs__rosidl_generator_c.dir/rosidl_generator_c/champ_msgs/msg/detail/imu__functions.c.o[0m
[1.481s] [  7%] [32mBuilding C object CMakeFiles/champ_msgs__rosidl_generator_c.dir/rosidl_generator_c/champ_msgs/msg/detail/joints__functions.c.o[0m
[1.481s] [  8%] [32mBuilding C object CMakeFiles/champ_msgs__rosidl_generator_c.dir/rosidl_generator_c/champ_msgs/msg/detail/point_array__functions.c.o[0m
[1.481s] [  9%] [32mBuilding C object CMakeFiles/champ_msgs__rosidl_generator_c.dir/rosidl_generator_c/champ_msgs/msg/detail/contacts_stamped__functions.c.o[0m
[1.483s] [ 11%] [32mBuilding C object CMakeFiles/champ_msgs__rosidl_generator_c.dir/rosidl_generator_c/champ_msgs/msg/detail/pose__functions.c.o[0m
[1.483s] [ 11%] [32mBuilding C object CMakeFiles/champ_msgs__rosidl_generator_c.dir/rosidl_generator_c/champ_msgs/msg/detail/contacts__functions.c.o[0m
[1.493s] [ 11%] Built target champ_msgs__cpp
[1.503s] [ 14%] [34m[1mGenerating C++ introspection for ROS interfaces[0m
[1.503s] [ 14%] [34m[1mGenerating C++ type support for eProsima Fast-RTPS[0m
[1.503s] [ 14%] [34m[1mGenerating C++ type support dispatch for ROS interfaces[0m
[1.522s] [ 15%] [32m[1mLinking C shared library libchamp_msgs__rosidl_generator_c.so[0m
[1.547s] [ 15%] Built target champ_msgs__rosidl_generator_c
[1.556s] [ 18%] [34m[1mGenerating C type support dispatch for ROS interfaces[0m
[1.557s] [ 18%] [34m[1mGenerating C introspection for ROS interfaces[0m
[1.557s] [ 18%] [34m[1mGenerating C type support for eProsima Fast-RTPS[0m
[1.728s] [ 20%] [32mBuilding CXX object CMakeFiles/champ_msgs__rosidl_typesupport_cpp.dir/rosidl_typesupport_cpp/champ_msgs/msg/point_array__type_support.cpp.o[0m
[1.728s] [ 21%] [32mBuilding CXX object CMakeFiles/champ_msgs__rosidl_typesupport_cpp.dir/rosidl_typesupport_cpp/champ_msgs/msg/pid__type_support.cpp.o[0m
[1.729s] [ 22%] [32mBuilding CXX object CMakeFiles/champ_msgs__rosidl_typesupport_cpp.dir/rosidl_typesupport_cpp/champ_msgs/msg/velocities__type_support.cpp.o[0m
[1.729s] [ 24%] [32mBuilding CXX object CMakeFiles/champ_msgs__rosidl_typesupport_cpp.dir/rosidl_typesupport_cpp/champ_msgs/msg/contacts_stamped__type_support.cpp.o[0m
[1.729s] [ 24%] [32mBuilding CXX object CMakeFiles/champ_msgs__rosidl_typesupport_cpp.dir/rosidl_typesupport_cpp/champ_msgs/msg/point__type_support.cpp.o[0m
[1.729s] [ 25%] [32mBuilding CXX object CMakeFiles/champ_msgs__rosidl_typesupport_cpp.dir/rosidl_typesupport_cpp/champ_msgs/msg/imu__type_support.cpp.o[0m
[1.730s] [ 27%] [32mBuilding CXX object CMakeFiles/champ_msgs__rosidl_typesupport_cpp.dir/rosidl_typesupport_cpp/champ_msgs/msg/joints__type_support.cpp.o[0m
[1.730s] [ 27%] [32mBuilding CXX object CMakeFiles/champ_msgs__rosidl_typesupport_cpp.dir/rosidl_typesupport_cpp/champ_msgs/msg/contacts__type_support.cpp.o[0m
[1.730s] [ 28%] [32mBuilding CXX object CMakeFiles/champ_msgs__rosidl_typesupport_cpp.dir/rosidl_typesupport_cpp/champ_msgs/msg/pose__type_support.cpp.o[0m
[1.835s] [ 29%] [32mBuilding CXX object CMakeFiles/champ_msgs__rosidl_typesupport_introspection_cpp.dir/rosidl_typesupport_introspection_cpp/champ_msgs/msg/detail/velocities__type_support.cpp.o[0m
[1.837s] [ 30%] [32mBuilding CXX object CMakeFiles/champ_msgs__rosidl_typesupport_introspection_cpp.dir/rosidl_typesupport_introspection_cpp/champ_msgs/msg/detail/pid__type_support.cpp.o[0m
[1.838s] [ 31%] [32mBuilding CXX object CMakeFiles/champ_msgs__rosidl_typesupport_c.dir/rosidl_typesupport_c/champ_msgs/msg/velocities__type_support.cpp.o[0m
[1.838s] [ 33%] [32mBuilding CXX object CMakeFiles/champ_msgs__rosidl_typesupport_introspection_cpp.dir/rosidl_typesupport_introspection_cpp/champ_msgs/msg/detail/point__type_support.cpp.o[0m
[1.838s] [ 33%] [32mBuilding CXX object CMakeFiles/champ_msgs__rosidl_typesupport_introspection_cpp.dir/rosidl_typesupport_introspection_cpp/champ_msgs/msg/detail/imu__type_support.cpp.o[0m
[1.846s] [ 35%] [32mBuilding CXX object CMakeFiles/champ_msgs__rosidl_typesupport_c.dir/rosidl_typesupport_c/champ_msgs/msg/pid__type_support.cpp.o[0m
[1.847s] [ 35%] [32mBuilding CXX object CMakeFiles/champ_msgs__rosidl_typesupport_c.dir/rosidl_typesupport_c/champ_msgs/msg/imu__type_support.cpp.o[0m
[1.847s] [ 36%] [32mBuilding CXX object CMakeFiles/champ_msgs__rosidl_typesupport_c.dir/rosidl_typesupport_c/champ_msgs/msg/point__type_support.cpp.o[0m
[1.860s] [ 37%] [32mBuilding CXX object CMakeFiles/champ_msgs__rosidl_typesupport_fastrtps_cpp.dir/rosidl_typesupport_fastrtps_cpp/champ_msgs/msg/detail/dds_fastrtps/velocities__type_support.cpp.o[0m
[1.872s] [ 38%] [32mBuilding CXX object CMakeFiles/champ_msgs__rosidl_typesupport_fastrtps_cpp.dir/rosidl_typesupport_fastrtps_cpp/champ_msgs/msg/detail/dds_fastrtps/pid__type_support.cpp.o[0m
[1.877s] [ 40%] [32mBuilding CXX object CMakeFiles/champ_msgs__rosidl_typesupport_c.dir/rosidl_typesupport_c/champ_msgs/msg/point_array__type_support.cpp.o[0m
[1.878s] [ 41%] [32mBuilding CXX object CMakeFiles/champ_msgs__rosidl_typesupport_fastrtps_cpp.dir/rosidl_typesupport_fastrtps_cpp/champ_msgs/msg/detail/dds_fastrtps/imu__type_support.cpp.o[0m
[1.885s] [ 42%] [32mBuilding CXX object CMakeFiles/champ_msgs__rosidl_typesupport_fastrtps_cpp.dir/rosidl_typesupport_fastrtps_cpp/champ_msgs/msg/detail/dds_fastrtps/point__type_support.cpp.o[0m
[1.906s] [ 43%] [32mBuilding CXX object CMakeFiles/champ_msgs__rosidl_typesupport_c.dir/rosidl_typesupport_c/champ_msgs/msg/joints__type_support.cpp.o[0m
[1.938s] [ 44%] [32mBuilding CXX object CMakeFiles/champ_msgs__rosidl_typesupport_c.dir/rosidl_typesupport_c/champ_msgs/msg/contacts__type_support.cpp.o[0m
[1.945s] [ 46%] [32mBuilding CXX object CMakeFiles/champ_msgs__rosidl_typesupport_fastrtps_cpp.dir/rosidl_typesupport_fastrtps_cpp/champ_msgs/msg/detail/dds_fastrtps/point_array__type_support.cpp.o[0m
[1.945s] [ 46%] [32mBuilding CXX object CMakeFiles/champ_msgs__rosidl_typesupport_c.dir/rosidl_typesupport_c/champ_msgs/msg/contacts_stamped__type_support.cpp.o[0m
[1.949s] [ 47%] [32mBuilding CXX object CMakeFiles/champ_msgs__rosidl_typesupport_c.dir/rosidl_typesupport_c/champ_msgs/msg/pose__type_support.cpp.o[0m
[1.977s] [ 48%] [32mBuilding CXX object CMakeFiles/champ_msgs__rosidl_typesupport_introspection_cpp.dir/rosidl_typesupport_introspection_cpp/champ_msgs/msg/detail/joints__type_support.cpp.o[0m
[1.977s] [ 49%] [32mBuilding CXX object CMakeFiles/champ_msgs__rosidl_typesupport_introspection_cpp.dir/rosidl_typesupport_introspection_cpp/champ_msgs/msg/detail/point_array__type_support.cpp.o[0m
[1.983s] [ 50%] [32mBuilding CXX object CMakeFiles/champ_msgs__rosidl_typesupport_introspection_cpp.dir/rosidl_typesupport_introspection_cpp/champ_msgs/msg/detail/contacts__type_support.cpp.o[0m
[1.989s] [ 51%] [32m[1mLinking CXX shared library libchamp_msgs__rosidl_typesupport_c.so[0m
[1.998s] [ 52%] [32mBuilding C object CMakeFiles/champ_msgs__rosidl_typesupport_introspection_c.dir/rosidl_typesupport_introspection_c/champ_msgs/msg/detail/velocities__type_support.c.o[0m
[2.006s] [ 53%] [32mBuilding CXX object CMakeFiles/champ_msgs__rosidl_typesupport_fastrtps_cpp.dir/rosidl_typesupport_fastrtps_cpp/champ_msgs/msg/detail/dds_fastrtps/joints__type_support.cpp.o[0m
[2.035s] [ 54%] [32mBuilding C object CMakeFiles/champ_msgs__rosidl_typesupport_introspection_c.dir/rosidl_typesupport_introspection_c/champ_msgs/msg/detail/pid__type_support.c.o[0m
[2.036s] [ 54%] Built target champ_msgs__rosidl_typesupport_c
[2.037s] [ 55%] [32mBuilding CXX object CMakeFiles/champ_msgs__rosidl_typesupport_fastrtps_cpp.dir/rosidl_typesupport_fastrtps_cpp/champ_msgs/msg/detail/dds_fastrtps/contacts__type_support.cpp.o[0m
[2.044s] [ 58%] [32mBuilding CXX object CMakeFiles/champ_msgs__rosidl_typesupport_fastrtps_cpp.dir/rosidl_typesupport_fastrtps_cpp/champ_msgs/msg/detail/dds_fastrtps/contacts_stamped__type_support.cpp.o[0m
[2.045s] [ 58%] [32m[1mLinking CXX shared library libchamp_msgs__rosidl_typesupport_cpp.so[0m
[2.045s] [ 58%] [32mBuilding CXX object CMakeFiles/champ_msgs__rosidl_typesupport_fastrtps_cpp.dir/rosidl_typesupport_fastrtps_cpp/champ_msgs/msg/detail/dds_fastrtps/pose__type_support.cpp.o[0m
[2.048s] [ 60%] [32mBuilding C object CMakeFiles/champ_msgs__rosidl_typesupport_introspection_c.dir/rosidl_typesupport_introspection_c/champ_msgs/msg/detail/imu__type_support.c.o[0m
[2.082s] [ 61%] [32mBuilding CXX object CMakeFiles/champ_msgs__rosidl_typesupport_introspection_cpp.dir/rosidl_typesupport_introspection_cpp/champ_msgs/msg/detail/contacts_stamped__type_support.cpp.o[0m
[2.094s] [ 62%] [32mBuilding C object CMakeFiles/champ_msgs__rosidl_typesupport_introspection_c.dir/rosidl_typesupport_introspection_c/champ_msgs/msg/detail/point__type_support.c.o[0m
[2.104s] [ 62%] Built target champ_msgs__rosidl_typesupport_cpp
[2.110s] [ 63%] [32mBuilding C object CMakeFiles/champ_msgs__rosidl_typesupport_introspection_c.dir/rosidl_typesupport_introspection_c/champ_msgs/msg/detail/point_array__type_support.c.o[0m
[2.122s] [ 64%] [32mBuilding CXX object CMakeFiles/champ_msgs__rosidl_typesupport_fastrtps_c.dir/rosidl_typesupport_fastrtps_c/champ_msgs/msg/detail/velocities__type_support_c.cpp.o[0m
[2.131s] [ 65%] [32mBuilding C object CMakeFiles/champ_msgs__rosidl_typesupport_introspection_c.dir/rosidl_typesupport_introspection_c/champ_msgs/msg/detail/joints__type_support.c.o[0m
[2.149s] [ 66%] [32mBuilding CXX object CMakeFiles/champ_msgs__rosidl_typesupport_fastrtps_c.dir/rosidl_typesupport_fastrtps_c/champ_msgs/msg/detail/pid__type_support_c.cpp.o[0m
[2.171s] [ 67%] [32mBuilding C object CMakeFiles/champ_msgs__rosidl_typesupport_introspection_c.dir/rosidl_typesupport_introspection_c/champ_msgs/msg/detail/contacts__type_support.c.o[0m
[2.211s] [ 68%] [32mBuilding C object CMakeFiles/champ_msgs__rosidl_typesupport_introspection_c.dir/rosidl_typesupport_introspection_c/champ_msgs/msg/detail/contacts_stamped__type_support.c.o[0m
[2.213s] [ 69%] [32mBuilding CXX object CMakeFiles/champ_msgs__rosidl_typesupport_introspection_cpp.dir/rosidl_typesupport_introspection_cpp/champ_msgs/msg/detail/pose__type_support.cpp.o[0m
[2.215s] [ 70%] [32mBuilding C object CMakeFiles/champ_msgs__rosidl_typesupport_introspection_c.dir/rosidl_typesupport_introspection_c/champ_msgs/msg/detail/pose__type_support.c.o[0m
[2.239s] [ 71%] [32mBuilding CXX object CMakeFiles/champ_msgs__rosidl_typesupport_fastrtps_c.dir/rosidl_typesupport_fastrtps_c/champ_msgs/msg/detail/imu__type_support_c.cpp.o[0m
[2.252s] [ 72%] [32mBuilding CXX object CMakeFiles/champ_msgs__rosidl_typesupport_fastrtps_c.dir/rosidl_typesupport_fastrtps_c/champ_msgs/msg/detail/point__type_support_c.cpp.o[0m
[2.254s] [ 73%] [32m[1mLinking C shared library libchamp_msgs__rosidl_typesupport_introspection_c.so[0m
[2.271s] [ 74%] [32mBuilding CXX object CMakeFiles/champ_msgs__rosidl_typesupport_fastrtps_c.dir/rosidl_typesupport_fastrtps_c/champ_msgs/msg/detail/point_array__type_support_c.cpp.o[0m
[2.279s] [ 75%] [32mBuilding CXX object CMakeFiles/champ_msgs__rosidl_typesupport_fastrtps_c.dir/rosidl_typesupport_fastrtps_c/champ_msgs/msg/detail/joints__type_support_c.cpp.o[0m
[2.289s] [ 75%] Built target champ_msgs__rosidl_typesupport_introspection_c
[2.291s] [ 76%] [32mBuilding CXX object CMakeFiles/champ_msgs__rosidl_typesupport_fastrtps_c.dir/rosidl_typesupport_fastrtps_c/champ_msgs/msg/detail/contacts__type_support_c.cpp.o[0m
[2.298s] [ 77%] [32mBuilding CXX object CMakeFiles/champ_msgs__rosidl_typesupport_fastrtps_c.dir/rosidl_typesupport_fastrtps_c/champ_msgs/msg/detail/contacts_stamped__type_support_c.cpp.o[0m
[2.301s] [ 78%] [32mBuilding CXX object CMakeFiles/champ_msgs__rosidl_typesupport_fastrtps_c.dir/rosidl_typesupport_fastrtps_c/champ_msgs/msg/detail/pose__type_support_c.cpp.o[0m
[2.533s] [ 80%] [32m[1mLinking CXX shared library libchamp_msgs__rosidl_typesupport_fastrtps_cpp.so[0m
[2.584s] [ 80%] Built target champ_msgs__rosidl_typesupport_fastrtps_cpp
[2.594s] [ 81%] [32m[1mLinking CXX shared library libchamp_msgs__rosidl_typesupport_introspection_cpp.so[0m
[2.619s] [ 82%] [32m[1mLinking CXX shared library libchamp_msgs__rosidl_typesupport_fastrtps_c.so[0m
[2.642s] [ 82%] Built target champ_msgs__rosidl_typesupport_introspection_cpp
[2.667s] [ 82%] Built target champ_msgs__rosidl_typesupport_fastrtps_c
[2.680s] [ 82%] Built target champ_msgs
[2.697s] [ 83%] [34m[1mGenerating Python code for ROS interfaces[0m
[3.145s] [ 83%] Built target champ_msgs__py
[3.163s] [ 84%] [32mBuilding C object CMakeFiles/champ_msgs__rosidl_generator_py.dir/rosidl_generator_py/champ_msgs/msg/_point_array_s.c.o[0m
[3.164s] [ 85%] [32mBuilding C object CMakeFiles/champ_msgs__rosidl_generator_py.dir/rosidl_generator_py/champ_msgs/msg/_joints_s.c.o[0m
[3.165s] [ 86%] [32mBuilding C object CMakeFiles/champ_msgs__rosidl_generator_py.dir/rosidl_generator_py/champ_msgs/msg/_contacts_s.c.o[0m
[3.165s] [ 87%] [32mBuilding C object CMakeFiles/champ_msgs__rosidl_generator_py.dir/rosidl_generator_py/champ_msgs/msg/_contacts_stamped_s.c.o[0m
[3.165s] [ 88%] [32mBuilding C object CMakeFiles/champ_msgs__rosidl_generator_py.dir/rosidl_generator_py/champ_msgs/msg/_point_s.c.o[0m
[3.165s] [ 89%] [32mBuilding C object CMakeFiles/champ_msgs__rosidl_generator_py.dir/rosidl_generator_py/champ_msgs/msg/_pose_s.c.o[0m
[3.167s] [ 91%] [32mBuilding C object CMakeFiles/champ_msgs__rosidl_generator_py.dir/rosidl_generator_py/champ_msgs/msg/_velocities_s.c.o[0m
[3.167s] [ 91%] [32mBuilding C object CMakeFiles/champ_msgs__rosidl_generator_py.dir/rosidl_generator_py/champ_msgs/msg/_pid_s.c.o[0m
[3.168s] [ 92%] [32mBuilding C object CMakeFiles/champ_msgs__rosidl_generator_py.dir/rosidl_generator_py/champ_msgs/msg/_imu_s.c.o[0m
[3.256s] [ 93%] [32m[1mLinking C shared library rosidl_generator_py/champ_msgs/libchamp_msgs__rosidl_generator_py.so[0m
[3.285s] [ 93%] Built target champ_msgs__rosidl_generator_py
[3.299s] [ 95%] [32mBuilding C object CMakeFiles/champ_msgs__rosidl_typesupport_introspection_c__pyext.dir/rosidl_generator_py/champ_msgs/_champ_msgs_s.ep.rosidl_typesupport_introspection_c.c.o[0m
[3.299s] [ 95%] [32mBuilding C object CMakeFiles/champ_msgs__rosidl_typesupport_fastrtps_c__pyext.dir/rosidl_generator_py/champ_msgs/_champ_msgs_s.ep.rosidl_typesupport_fastrtps_c.c.o[0m
[3.300s] [ 96%] [32mBuilding C object CMakeFiles/champ_msgs__rosidl_typesupport_c__pyext.dir/rosidl_generator_py/champ_msgs/_champ_msgs_s.ep.rosidl_typesupport_c.c.o[0m
[3.369s] [ 97%] [32m[1mLinking C shared library rosidl_generator_py/champ_msgs/champ_msgs_s__rosidl_typesupport_introspection_c.cpython-310-x86_64-linux-gnu.so[0m
[3.370s] [100%] [32m[1mLinking C shared library rosidl_generator_py/champ_msgs/champ_msgs_s__rosidl_typesupport_c.cpython-310-x86_64-linux-gnu.so[0m
[3.370s] [100%] [32m[1mLinking C shared library rosidl_generator_py/champ_msgs/champ_msgs_s__rosidl_typesupport_fastrtps_c.cpython-310-x86_64-linux-gnu.so[0m
[3.396s] [100%] Built target champ_msgs__rosidl_typesupport_c__pyext
[3.397s] [100%] Built target champ_msgs__rosidl_typesupport_introspection_c__pyext
[3.397s] [100%] Built target champ_msgs__rosidl_typesupport_fastrtps_c__pyext
[3.405s] Invoked command in '/home/gopi/friday_ws/build/champ_msgs' returned '0': CMAKE_PREFIX_PATH=/opt/ros/humble /usr/bin/cmake --build /home/gopi/friday_ws/build/champ_msgs -- -j20 -l20
[3.407s] Invoking command in '/home/gopi/friday_ws/build/champ_msgs': CMAKE_PREFIX_PATH=/opt/ros/humble /usr/bin/cmake --install /home/gopi/friday_ws/build/champ_msgs
[3.411s] -- Install configuration: ""
[3.411s] -- Execute custom install script
[3.411s] -- Symlinking: /home/gopi/friday_ws/install/champ_msgs/share/ament_index/resource_index/rosidl_interfaces/champ_msgs
[3.417s] -- Symlinking: /home/gopi/friday_ws/install/champ_msgs/include/champ_msgs/champ_msgs/msg/contacts.h
[3.424s] -- Symlinking: /home/gopi/friday_ws/install/champ_msgs/include/champ_msgs/champ_msgs/msg/contacts_stamped.h
[3.432s] -- Symlinking: /home/gopi/friday_ws/install/champ_msgs/include/champ_msgs/champ_msgs/msg/detail/contacts__functions.h
[3.439s] -- Symlinking: /home/gopi/friday_ws/install/champ_msgs/include/champ_msgs/champ_msgs/msg/detail/contacts__struct.h
[3.444s] -- Symlinking: /home/gopi/friday_ws/install/champ_msgs/include/champ_msgs/champ_msgs/msg/detail/contacts__type_support.h
[3.449s] -- Symlinking: /home/gopi/friday_ws/install/champ_msgs/include/champ_msgs/champ_msgs/msg/detail/contacts_stamped__functions.h
[3.453s] -- Symlinking: /home/gopi/friday_ws/install/champ_msgs/include/champ_msgs/champ_msgs/msg/detail/contacts_stamped__struct.h
[3.458s] -- Symlinking: /home/gopi/friday_ws/install/champ_msgs/include/champ_msgs/champ_msgs/msg/detail/contacts_stamped__type_support.h
[3.462s] -- Symlinking: /home/gopi/friday_ws/install/champ_msgs/include/champ_msgs/champ_msgs/msg/detail/imu__functions.h
[3.469s] -- Symlinking: /home/gopi/friday_ws/install/champ_msgs/include/champ_msgs/champ_msgs/msg/detail/imu__struct.h
[3.475s] -- Symlinking: /home/gopi/friday_ws/install/champ_msgs/include/champ_msgs/champ_msgs/msg/detail/imu__type_support.h
[3.483s] -- Symlinking: /home/gopi/friday_ws/install/champ_msgs/include/champ_msgs/champ_msgs/msg/detail/joints__functions.h
[3.488s] -- Symlinking: /home/gopi/friday_ws/install/champ_msgs/include/champ_msgs/champ_msgs/msg/detail/joints__struct.h
[3.493s] -- Symlinking: /home/gopi/friday_ws/install/champ_msgs/include/champ_msgs/champ_msgs/msg/detail/joints__type_support.h
[3.499s] -- Symlinking: /home/gopi/friday_ws/install/champ_msgs/include/champ_msgs/champ_msgs/msg/detail/pid__functions.h
[3.504s] -- Symlinking: /home/gopi/friday_ws/install/champ_msgs/include/champ_msgs/champ_msgs/msg/detail/pid__struct.h
[3.509s] -- Symlinking: /home/gopi/friday_ws/install/champ_msgs/include/champ_msgs/champ_msgs/msg/detail/pid__type_support.h
[3.513s] -- Symlinking: /home/gopi/friday_ws/install/champ_msgs/include/champ_msgs/champ_msgs/msg/detail/point__functions.h
[3.520s] -- Symlinking: /home/gopi/friday_ws/install/champ_msgs/include/champ_msgs/champ_msgs/msg/detail/point__struct.h
[3.529s] -- Symlinking: /home/gopi/friday_ws/install/champ_msgs/include/champ_msgs/champ_msgs/msg/detail/point__type_support.h
[3.537s] -- Symlinking: /home/gopi/friday_ws/install/champ_msgs/include/champ_msgs/champ_msgs/msg/detail/point_array__functions.h
[3.543s] -- Symlinking: /home/gopi/friday_ws/install/champ_msgs/include/champ_msgs/champ_msgs/msg/detail/point_array__struct.h
[3.550s] -- Symlinking: /home/gopi/friday_ws/install/champ_msgs/include/champ_msgs/champ_msgs/msg/detail/point_array__type_support.h
[3.557s] -- Symlinking: /home/gopi/friday_ws/install/champ_msgs/include/champ_msgs/champ_msgs/msg/detail/pose__functions.h
[3.562s] -- Symlinking: /home/gopi/friday_ws/install/champ_msgs/include/champ_msgs/champ_msgs/msg/detail/pose__struct.h
[3.567s] -- Symlinking: /home/gopi/friday_ws/install/champ_msgs/include/champ_msgs/champ_msgs/msg/detail/pose__type_support.h
[3.573s] -- Symlinking: /home/gopi/friday_ws/install/champ_msgs/include/champ_msgs/champ_msgs/msg/detail/velocities__functions.h
[3.583s] -- Symlinking: /home/gopi/friday_ws/install/champ_msgs/include/champ_msgs/champ_msgs/msg/detail/velocities__struct.h
[3.593s] -- Symlinking: /home/gopi/friday_ws/install/champ_msgs/include/champ_msgs/champ_msgs/msg/detail/velocities__type_support.h
[3.602s] -- Symlinking: /home/gopi/friday_ws/install/champ_msgs/include/champ_msgs/champ_msgs/msg/imu.h
[3.610s] -- Symlinking: /home/gopi/friday_ws/install/champ_msgs/include/champ_msgs/champ_msgs/msg/joints.h
[3.619s] -- Symlinking: /home/gopi/friday_ws/install/champ_msgs/include/champ_msgs/champ_msgs/msg/pid.h
[3.624s] -- Symlinking: /home/gopi/friday_ws/install/champ_msgs/include/champ_msgs/champ_msgs/msg/point.h
[3.629s] -- Symlinking: /home/gopi/friday_ws/install/champ_msgs/include/champ_msgs/champ_msgs/msg/point_array.h
[3.634s] -- Symlinking: /home/gopi/friday_ws/install/champ_msgs/include/champ_msgs/champ_msgs/msg/pose.h
[3.640s] -- Symlinking: /home/gopi/friday_ws/install/champ_msgs/include/champ_msgs/champ_msgs/msg/rosidl_generator_c__visibility_control.h
[3.645s] -- Symlinking: /home/gopi/friday_ws/install/champ_msgs/include/champ_msgs/champ_msgs/msg/velocities.h
[3.650s] -- Symlinking: /home/gopi/friday_ws/install/champ_msgs/share/champ_msgs/environment/library_path.sh
[3.656s] -- Symlinking: /home/gopi/friday_ws/install/champ_msgs/share/champ_msgs/environment/library_path.dsv
[3.663s] -- Symlinking: /home/gopi/friday_ws/install/champ_msgs/include/champ_msgs/champ_msgs/msg/detail/contacts__rosidl_typesupport_fastrtps_c.h
[3.667s] -- Symlinking: /home/gopi/friday_ws/install/champ_msgs/include/champ_msgs/champ_msgs/msg/detail/contacts_stamped__rosidl_typesupport_fastrtps_c.h
[3.675s] -- Symlinking: /home/gopi/friday_ws/install/champ_msgs/include/champ_msgs/champ_msgs/msg/detail/imu__rosidl_typesupport_fastrtps_c.h
[3.682s] -- Symlinking: /home/gopi/friday_ws/install/champ_msgs/include/champ_msgs/champ_msgs/msg/detail/joints__rosidl_typesupport_fastrtps_c.h
[3.687s] -- Symlinking: /home/gopi/friday_ws/install/champ_msgs/include/champ_msgs/champ_msgs/msg/detail/pid__rosidl_typesupport_fastrtps_c.h
[3.694s] -- Symlinking: /home/gopi/friday_ws/install/champ_msgs/include/champ_msgs/champ_msgs/msg/detail/point__rosidl_typesupport_fastrtps_c.h
[3.701s] -- Symlinking: /home/gopi/friday_ws/install/champ_msgs/include/champ_msgs/champ_msgs/msg/detail/point_array__rosidl_typesupport_fastrtps_c.h
[3.706s] -- Symlinking: /home/gopi/friday_ws/install/champ_msgs/include/champ_msgs/champ_msgs/msg/detail/pose__rosidl_typesupport_fastrtps_c.h
[3.710s] -- Symlinking: /home/gopi/friday_ws/install/champ_msgs/include/champ_msgs/champ_msgs/msg/detail/velocities__rosidl_typesupport_fastrtps_c.h
[3.715s] -- Symlinking: /home/gopi/friday_ws/install/champ_msgs/include/champ_msgs/champ_msgs/msg/rosidl_typesupport_fastrtps_c__visibility_control.h
[3.724s] -- Symlinking: /home/gopi/friday_ws/install/champ_msgs/include/champ_msgs/champ_msgs/msg/detail/contacts__rosidl_typesupport_introspection_c.h
[3.732s] -- Symlinking: /home/gopi/friday_ws/install/champ_msgs/include/champ_msgs/champ_msgs/msg/detail/contacts_stamped__rosidl_typesupport_introspection_c.h
[3.742s] -- Symlinking: /home/gopi/friday_ws/install/champ_msgs/include/champ_msgs/champ_msgs/msg/detail/imu__rosidl_typesupport_introspection_c.h
[3.750s] -- Symlinking: /home/gopi/friday_ws/install/champ_msgs/include/champ_msgs/champ_msgs/msg/detail/joints__rosidl_typesupport_introspection_c.h
[3.759s] -- Symlinking: /home/gopi/friday_ws/install/champ_msgs/include/champ_msgs/champ_msgs/msg/detail/pid__rosidl_typesupport_introspection_c.h
[3.769s] -- Symlinking: /home/gopi/friday_ws/install/champ_msgs/include/champ_msgs/champ_msgs/msg/detail/point__rosidl_typesupport_introspection_c.h
[3.778s] -- Symlinking: /home/gopi/friday_ws/install/champ_msgs/include/champ_msgs/champ_msgs/msg/detail/point_array__rosidl_typesupport_introspection_c.h
[3.789s] -- Symlinking: /home/gopi/friday_ws/install/champ_msgs/include/champ_msgs/champ_msgs/msg/detail/pose__rosidl_typesupport_introspection_c.h
[3.797s] -- Symlinking: /home/gopi/friday_ws/install/champ_msgs/include/champ_msgs/champ_msgs/msg/detail/velocities__rosidl_typesupport_introspection_c.h
[3.807s] -- Symlinking: /home/gopi/friday_ws/install/champ_msgs/include/champ_msgs/champ_msgs/msg/rosidl_typesupport_introspection_c__visibility_control.h
[3.817s] -- Symlinking: /home/gopi/friday_ws/install/champ_msgs/include/champ_msgs/champ_msgs/msg/contacts.hpp
[3.827s] -- Symlinking: /home/gopi/friday_ws/install/champ_msgs/include/champ_msgs/champ_msgs/msg/contacts_stamped.hpp
[3.836s] -- Symlinking: /home/gopi/friday_ws/install/champ_msgs/include/champ_msgs/champ_msgs/msg/detail/contacts__builder.hpp
[3.845s] -- Symlinking: /home/gopi/friday_ws/install/champ_msgs/include/champ_msgs/champ_msgs/msg/detail/contacts__struct.hpp
[3.854s] -- Symlinking: /home/gopi/friday_ws/install/champ_msgs/include/champ_msgs/champ_msgs/msg/detail/contacts__traits.hpp
[3.864s] -- Symlinking: /home/gopi/friday_ws/install/champ_msgs/include/champ_msgs/champ_msgs/msg/detail/contacts__type_support.hpp
[3.874s] -- Symlinking: /home/gopi/friday_ws/install/champ_msgs/include/champ_msgs/champ_msgs/msg/detail/contacts_stamped__builder.hpp
[3.881s] -- Symlinking: /home/gopi/friday_ws/install/champ_msgs/include/champ_msgs/champ_msgs/msg/detail/contacts_stamped__struct.hpp
[3.890s] -- Symlinking: /home/gopi/friday_ws/install/champ_msgs/include/champ_msgs/champ_msgs/msg/detail/contacts_stamped__traits.hpp
[3.898s] -- Symlinking: /home/gopi/friday_ws/install/champ_msgs/include/champ_msgs/champ_msgs/msg/detail/contacts_stamped__type_support.hpp
[3.905s] -- Symlinking: /home/gopi/friday_ws/install/champ_msgs/include/champ_msgs/champ_msgs/msg/detail/imu__builder.hpp
[3.912s] -- Symlinking: /home/gopi/friday_ws/install/champ_msgs/include/champ_msgs/champ_msgs/msg/detail/imu__struct.hpp
[3.918s] -- Symlinking: /home/gopi/friday_ws/install/champ_msgs/include/champ_msgs/champ_msgs/msg/detail/imu__traits.hpp
[3.926s] -- Symlinking: /home/gopi/friday_ws/install/champ_msgs/include/champ_msgs/champ_msgs/msg/detail/imu__type_support.hpp
[3.933s] -- Symlinking: /home/gopi/friday_ws/install/champ_msgs/include/champ_msgs/champ_msgs/msg/detail/joints__builder.hpp
[3.940s] -- Symlinking: /home/gopi/friday_ws/install/champ_msgs/include/champ_msgs/champ_msgs/msg/detail/joints__struct.hpp
[3.945s] -- Symlinking: /home/gopi/friday_ws/install/champ_msgs/include/champ_msgs/champ_msgs/msg/detail/joints__traits.hpp
[3.950s] -- Symlinking: /home/gopi/friday_ws/install/champ_msgs/include/champ_msgs/champ_msgs/msg/detail/joints__type_support.hpp
[3.956s] -- Symlinking: /home/gopi/friday_ws/install/champ_msgs/include/champ_msgs/champ_msgs/msg/detail/pid__builder.hpp
[3.961s] -- Symlinking: /home/gopi/friday_ws/install/champ_msgs/include/champ_msgs/champ_msgs/msg/detail/pid__struct.hpp
[3.967s] -- Symlinking: /home/gopi/friday_ws/install/champ_msgs/include/champ_msgs/champ_msgs/msg/detail/pid__traits.hpp
[3.972s] -- Symlinking: /home/gopi/friday_ws/install/champ_msgs/include/champ_msgs/champ_msgs/msg/detail/pid__type_support.hpp
[3.978s] -- Symlinking: /home/gopi/friday_ws/install/champ_msgs/include/champ_msgs/champ_msgs/msg/detail/point__builder.hpp
[3.986s] -- Symlinking: /home/gopi/friday_ws/install/champ_msgs/include/champ_msgs/champ_msgs/msg/detail/point__struct.hpp
[3.993s] -- Symlinking: /home/gopi/friday_ws/install/champ_msgs/include/champ_msgs/champ_msgs/msg/detail/point__traits.hpp
[4.000s] -- Symlinking: /home/gopi/friday_ws/install/champ_msgs/include/champ_msgs/champ_msgs/msg/detail/point__type_support.hpp
[4.005s] -- Symlinking: /home/gopi/friday_ws/install/champ_msgs/include/champ_msgs/champ_msgs/msg/detail/point_array__builder.hpp
[4.009s] -- Symlinking: /home/gopi/friday_ws/install/champ_msgs/include/champ_msgs/champ_msgs/msg/detail/point_array__struct.hpp
[4.013s] -- Symlinking: /home/gopi/friday_ws/install/champ_msgs/include/champ_msgs/champ_msgs/msg/detail/point_array__traits.hpp
[4.019s] -- Symlinking: /home/gopi/friday_ws/install/champ_msgs/include/champ_msgs/champ_msgs/msg/detail/point_array__type_support.hpp
[4.024s] -- Symlinking: /home/gopi/friday_ws/install/champ_msgs/include/champ_msgs/champ_msgs/msg/detail/pose__builder.hpp
[4.028s] -- Symlinking: /home/gopi/friday_ws/install/champ_msgs/include/champ_msgs/champ_msgs/msg/detail/pose__struct.hpp
[4.032s] -- Symlinking: /home/gopi/friday_ws/install/champ_msgs/include/champ_msgs/champ_msgs/msg/detail/pose__traits.hpp
[4.038s] -- Symlinking: /home/gopi/friday_ws/install/champ_msgs/include/champ_msgs/champ_msgs/msg/detail/pose__type_support.hpp
[4.045s] -- Symlinking: /home/gopi/friday_ws/install/champ_msgs/include/champ_msgs/champ_msgs/msg/detail/velocities__builder.hpp
[4.049s] -- Symlinking: /home/gopi/friday_ws/install/champ_msgs/include/champ_msgs/champ_msgs/msg/detail/velocities__struct.hpp
[4.055s] -- Symlinking: /home/gopi/friday_ws/install/champ_msgs/include/champ_msgs/champ_msgs/msg/detail/velocities__traits.hpp
[4.064s] -- Symlinking: /home/gopi/friday_ws/install/champ_msgs/include/champ_msgs/champ_msgs/msg/detail/velocities__type_support.hpp
[4.071s] -- Symlinking: /home/gopi/friday_ws/install/champ_msgs/include/champ_msgs/champ_msgs/msg/imu.hpp
[4.078s] -- Symlinking: /home/gopi/friday_ws/install/champ_msgs/include/champ_msgs/champ_msgs/msg/joints.hpp
[4.084s] -- Symlinking: /home/gopi/friday_ws/install/champ_msgs/include/champ_msgs/champ_msgs/msg/pid.hpp
[4.088s] -- Symlinking: /home/gopi/friday_ws/install/champ_msgs/include/champ_msgs/champ_msgs/msg/point.hpp
[4.093s] -- Symlinking: /home/gopi/friday_ws/install/champ_msgs/include/champ_msgs/champ_msgs/msg/point_array.hpp
[4.100s] -- Symlinking: /home/gopi/friday_ws/install/champ_msgs/include/champ_msgs/champ_msgs/msg/pose.hpp
[4.105s] -- Symlinking: /home/gopi/friday_ws/install/champ_msgs/include/champ_msgs/champ_msgs/msg/rosidl_generator_cpp__visibility_control.hpp
[4.109s] -- Symlinking: /home/gopi/friday_ws/install/champ_msgs/include/champ_msgs/champ_msgs/msg/velocities.hpp
[4.114s] -- Symlinking: /home/gopi/friday_ws/install/champ_msgs/include/champ_msgs/champ_msgs/msg/detail/contacts__rosidl_typesupport_fastrtps_cpp.hpp
[4.119s] -- Symlinking: /home/gopi/friday_ws/install/champ_msgs/include/champ_msgs/champ_msgs/msg/detail/contacts_stamped__rosidl_typesupport_fastrtps_cpp.hpp
[4.124s] -- Symlinking: /home/gopi/friday_ws/install/champ_msgs/include/champ_msgs/champ_msgs/msg/detail/imu__rosidl_typesupport_fastrtps_cpp.hpp
[4.129s] -- Symlinking: /home/gopi/friday_ws/install/champ_msgs/include/champ_msgs/champ_msgs/msg/detail/joints__rosidl_typesupport_fastrtps_cpp.hpp
[4.136s] -- Symlinking: /home/gopi/friday_ws/install/champ_msgs/include/champ_msgs/champ_msgs/msg/detail/pid__rosidl_typesupport_fastrtps_cpp.hpp
[4.146s] -- Symlinking: /home/gopi/friday_ws/install/champ_msgs/include/champ_msgs/champ_msgs/msg/detail/point__rosidl_typesupport_fastrtps_cpp.hpp
[4.153s] -- Symlinking: /home/gopi/friday_ws/install/champ_msgs/include/champ_msgs/champ_msgs/msg/detail/point_array__rosidl_typesupport_fastrtps_cpp.hpp
[4.161s] -- Symlinking: /home/gopi/friday_ws/install/champ_msgs/include/champ_msgs/champ_msgs/msg/detail/pose__rosidl_typesupport_fastrtps_cpp.hpp
[4.169s] -- Symlinking: /home/gopi/friday_ws/install/champ_msgs/include/champ_msgs/champ_msgs/msg/detail/velocities__rosidl_typesupport_fastrtps_cpp.hpp
[4.173s] -- Symlinking: /home/gopi/friday_ws/install/champ_msgs/include/champ_msgs/champ_msgs/msg/rosidl_typesupport_fastrtps_cpp__visibility_control.h
[4.180s] -- Symlinking: /home/gopi/friday_ws/install/champ_msgs/include/champ_msgs/champ_msgs/msg/detail/contacts__rosidl_typesupport_introspection_cpp.hpp
[4.185s] -- Symlinking: /home/gopi/friday_ws/install/champ_msgs/include/champ_msgs/champ_msgs/msg/detail/contacts_stamped__rosidl_typesupport_introspection_cpp.hpp
[4.190s] -- Symlinking: /home/gopi/friday_ws/install/champ_msgs/include/champ_msgs/champ_msgs/msg/detail/imu__rosidl_typesupport_introspection_cpp.hpp
[4.195s] -- Symlinking: /home/gopi/friday_ws/install/champ_msgs/include/champ_msgs/champ_msgs/msg/detail/joints__rosidl_typesupport_introspection_cpp.hpp
[4.201s] -- Symlinking: /home/gopi/friday_ws/install/champ_msgs/include/champ_msgs/champ_msgs/msg/detail/pid__rosidl_typesupport_introspection_cpp.hpp
[4.206s] -- Symlinking: /home/gopi/friday_ws/install/champ_msgs/include/champ_msgs/champ_msgs/msg/detail/point__rosidl_typesupport_introspection_cpp.hpp
[4.210s] -- Symlinking: /home/gopi/friday_ws/install/champ_msgs/include/champ_msgs/champ_msgs/msg/detail/point_array__rosidl_typesupport_introspection_cpp.hpp
[4.214s] -- Symlinking: /home/gopi/friday_ws/install/champ_msgs/include/champ_msgs/champ_msgs/msg/detail/pose__rosidl_typesupport_introspection_cpp.hpp
[4.219s] -- Symlinking: /home/gopi/friday_ws/install/champ_msgs/include/champ_msgs/champ_msgs/msg/detail/velocities__rosidl_typesupport_introspection_cpp.hpp
[4.224s] -- Symlinking: /home/gopi/friday_ws/install/champ_msgs/share/champ_msgs/environment/pythonpath.sh
[4.229s] -- Symlinking: /home/gopi/friday_ws/install/champ_msgs/share/champ_msgs/environment/pythonpath.dsv
[4.234s] -- Symlinking: /home/gopi/friday_ws/install/champ_msgs/local/lib/python3.10/dist-packages/champ_msgs-0.1.0-py3.10.egg-info/PKG-INFO
[4.238s] -- Symlinking: /home/gopi/friday_ws/install/champ_msgs/local/lib/python3.10/dist-packages/champ_msgs-0.1.0-py3.10.egg-info/SOURCES.txt
[4.244s] -- Symlinking: /home/gopi/friday_ws/install/champ_msgs/local/lib/python3.10/dist-packages/champ_msgs-0.1.0-py3.10.egg-info/dependency_links.txt
[4.249s] -- Symlinking: /home/gopi/friday_ws/install/champ_msgs/local/lib/python3.10/dist-packages/champ_msgs-0.1.0-py3.10.egg-info/top_level.txt
[4.254s] -- Symlinking: /home/gopi/friday_ws/install/champ_msgs/local/lib/python3.10/dist-packages/champ_msgs/__init__.py
[4.258s] -- Symlinking: /home/gopi/friday_ws/install/champ_msgs/local/lib/python3.10/dist-packages/champ_msgs/_champ_msgs_s.ep.rosidl_typesupport_c.c
[4.265s] -- Symlinking: /home/gopi/friday_ws/install/champ_msgs/local/lib/python3.10/dist-packages/champ_msgs/_champ_msgs_s.ep.rosidl_typesupport_fastrtps_c.c
[4.272s] -- Symlinking: /home/gopi/friday_ws/install/champ_msgs/local/lib/python3.10/dist-packages/champ_msgs/_champ_msgs_s.ep.rosidl_typesupport_introspection_c.c
[4.277s] -- Symlinking: /home/gopi/friday_ws/install/champ_msgs/local/lib/python3.10/dist-packages/champ_msgs/champ_msgs_s__rosidl_typesupport_c.cpython-310-x86_64-linux-gnu.so
[4.281s] -- Symlinking: /home/gopi/friday_ws/install/champ_msgs/local/lib/python3.10/dist-packages/champ_msgs/champ_msgs_s__rosidl_typesupport_fastrtps_c.cpython-310-x86_64-linux-gnu.so
[4.286s] -- Symlinking: /home/gopi/friday_ws/install/champ_msgs/local/lib/python3.10/dist-packages/champ_msgs/champ_msgs_s__rosidl_typesupport_introspection_c.cpython-310-x86_64-linux-gnu.so
[4.292s] -- Symlinking: /home/gopi/friday_ws/install/champ_msgs/local/lib/python3.10/dist-packages/champ_msgs/libchamp_msgs__rosidl_generator_py.so
[4.296s] -- Symlinking: /home/gopi/friday_ws/install/champ_msgs/local/lib/python3.10/dist-packages/champ_msgs/msg/__init__.py
[4.301s] -- Symlinking: /home/gopi/friday_ws/install/champ_msgs/local/lib/python3.10/dist-packages/champ_msgs/msg/_contacts.py
[4.306s] -- Symlinking: /home/gopi/friday_ws/install/champ_msgs/local/lib/python3.10/dist-packages/champ_msgs/msg/_contacts_s.c
[4.311s] -- Symlinking: /home/gopi/friday_ws/install/champ_msgs/local/lib/python3.10/dist-packages/champ_msgs/msg/_contacts_stamped.py
[4.316s] -- Symlinking: /home/gopi/friday_ws/install/champ_msgs/local/lib/python3.10/dist-packages/champ_msgs/msg/_contacts_stamped_s.c
[4.320s] -- Symlinking: /home/gopi/friday_ws/install/champ_msgs/local/lib/python3.10/dist-packages/champ_msgs/msg/_imu.py
[4.326s] -- Symlinking: /home/gopi/friday_ws/install/champ_msgs/local/lib/python3.10/dist-packages/champ_msgs/msg/_imu_s.c
[4.331s] -- Symlinking: /home/gopi/friday_ws/install/champ_msgs/local/lib/python3.10/dist-packages/champ_msgs/msg/_joints.py
[4.336s] -- Symlinking: /home/gopi/friday_ws/install/champ_msgs/local/lib/python3.10/dist-packages/champ_msgs/msg/_joints_s.c
[4.340s] -- Symlinking: /home/gopi/friday_ws/install/champ_msgs/local/lib/python3.10/dist-packages/champ_msgs/msg/_pid.py
[4.346s] -- Symlinking: /home/gopi/friday_ws/install/champ_msgs/local/lib/python3.10/dist-packages/champ_msgs/msg/_pid_s.c
[4.350s] -- Symlinking: /home/gopi/friday_ws/install/champ_msgs/local/lib/python3.10/dist-packages/champ_msgs/msg/_point.py
[4.355s] -- Symlinking: /home/gopi/friday_ws/install/champ_msgs/local/lib/python3.10/dist-packages/champ_msgs/msg/_point_array.py
[4.359s] -- Symlinking: /home/gopi/friday_ws/install/champ_msgs/local/lib/python3.10/dist-packages/champ_msgs/msg/_point_array_s.c
[4.364s] -- Symlinking: /home/gopi/friday_ws/install/champ_msgs/local/lib/python3.10/dist-packages/champ_msgs/msg/_point_s.c
[4.369s] -- Symlinking: /home/gopi/friday_ws/install/champ_msgs/local/lib/python3.10/dist-packages/champ_msgs/msg/_pose.py
[4.374s] -- Symlinking: /home/gopi/friday_ws/install/champ_msgs/local/lib/python3.10/dist-packages/champ_msgs/msg/_pose_s.c
[4.379s] -- Symlinking: /home/gopi/friday_ws/install/champ_msgs/local/lib/python3.10/dist-packages/champ_msgs/msg/_velocities.py
[4.385s] -- Symlinking: /home/gopi/friday_ws/install/champ_msgs/local/lib/python3.10/dist-packages/champ_msgs/msg/_velocities_s.c
[4.390s] -- Up-to-date symlink: /home/gopi/friday_ws/install/champ_msgs/local/lib/python3.10/dist-packages/champ_msgs/champ_msgs_s__rosidl_typesupport_fastrtps_c.cpython-310-x86_64-linux-gnu.so
[4.390s] -- Up-to-date symlink: /home/gopi/friday_ws/install/champ_msgs/local/lib/python3.10/dist-packages/champ_msgs/champ_msgs_s__rosidl_typesupport_introspection_c.cpython-310-x86_64-linux-gnu.so
[4.390s] -- Up-to-date symlink: /home/gopi/friday_ws/install/champ_msgs/local/lib/python3.10/dist-packages/champ_msgs/champ_msgs_s__rosidl_typesupport_c.cpython-310-x86_64-linux-gnu.so
[4.390s] -- Symlinking: /home/gopi/friday_ws/install/champ_msgs/share/champ_msgs/msg/Velocities.idl
[4.395s] -- Symlinking: /home/gopi/friday_ws/install/champ_msgs/share/champ_msgs/msg/PID.idl
[4.399s] -- Symlinking: /home/gopi/friday_ws/install/champ_msgs/share/champ_msgs/msg/Imu.idl
[4.405s] -- Symlinking: /home/gopi/friday_ws/install/champ_msgs/share/champ_msgs/msg/Point.idl
[4.410s] -- Symlinking: /home/gopi/friday_ws/install/champ_msgs/share/champ_msgs/msg/PointArray.idl
[4.415s] -- Symlinking: /home/gopi/friday_ws/install/champ_msgs/share/champ_msgs/msg/Joints.idl
[4.419s] -- Symlinking: /home/gopi/friday_ws/install/champ_msgs/share/champ_msgs/msg/Contacts.idl
[4.425s] -- Symlinking: /home/gopi/friday_ws/install/champ_msgs/share/champ_msgs/msg/ContactsStamped.idl
[4.430s] -- Symlinking: /home/gopi/friday_ws/install/champ_msgs/share/champ_msgs/msg/Pose.idl
[4.436s] -- Symlinking: /home/gopi/friday_ws/install/champ_msgs/share/champ_msgs/msg/Velocities.msg
[4.441s] -- Symlinking: /home/gopi/friday_ws/install/champ_msgs/share/champ_msgs/msg/PID.msg
[4.447s] -- Symlinking: /home/gopi/friday_ws/install/champ_msgs/share/champ_msgs/msg/Imu.msg
[4.453s] -- Symlinking: /home/gopi/friday_ws/install/champ_msgs/share/champ_msgs/msg/Point.msg
[4.459s] -- Symlinking: /home/gopi/friday_ws/install/champ_msgs/share/champ_msgs/msg/PointArray.msg
[4.465s] -- Symlinking: /home/gopi/friday_ws/install/champ_msgs/share/champ_msgs/msg/Joints.msg
[4.471s] -- Symlinking: /home/gopi/friday_ws/install/champ_msgs/share/champ_msgs/msg/Contacts.msg
[4.477s] -- Symlinking: /home/gopi/friday_ws/install/champ_msgs/share/champ_msgs/msg/ContactsStamped.msg
[4.482s] -- Symlinking: /home/gopi/friday_ws/install/champ_msgs/share/champ_msgs/msg/Pose.msg
[4.487s] -- Symlinking: /home/gopi/friday_ws/install/champ_msgs/share/ament_index/resource_index/package_run_dependencies/champ_msgs
[4.492s] -- Symlinking: /home/gopi/friday_ws/install/champ_msgs/share/ament_index/resource_index/parent_prefix_path/champ_msgs
[4.497s] -- Symlinking: /home/gopi/friday_ws/install/champ_msgs/share/champ_msgs/environment/ament_prefix_path.sh
[4.502s] -- Symlinking: /home/gopi/friday_ws/install/champ_msgs/share/champ_msgs/environment/ament_prefix_path.dsv
[4.508s] -- Symlinking: /home/gopi/friday_ws/install/champ_msgs/share/champ_msgs/environment/path.sh
[4.513s] -- Symlinking: /home/gopi/friday_ws/install/champ_msgs/share/champ_msgs/environment/path.dsv
[4.518s] -- Symlinking: /home/gopi/friday_ws/install/champ_msgs/share/champ_msgs/local_setup.bash
[4.524s] -- Symlinking: /home/gopi/friday_ws/install/champ_msgs/share/champ_msgs/local_setup.sh
[4.530s] -- Symlinking: /home/gopi/friday_ws/install/champ_msgs/share/champ_msgs/local_setup.zsh
[4.536s] -- Symlinking: /home/gopi/friday_ws/install/champ_msgs/share/champ_msgs/local_setup.dsv
[4.541s] -- Symlinking: /home/gopi/friday_ws/install/champ_msgs/share/champ_msgs/package.dsv
[4.545s] -- Symlinking: /home/gopi/friday_ws/install/champ_msgs/share/ament_index/resource_index/packages/champ_msgs
[4.550s] -- Symlinking: /home/gopi/friday_ws/install/champ_msgs/share/champ_msgs/cmake/rosidl_cmake-extras.cmake
[4.556s] -- Symlinking: /home/gopi/friday_ws/install/champ_msgs/share/champ_msgs/cmake/ament_cmake_export_dependencies-extras.cmake
[4.561s] -- Symlinking: /home/gopi/friday_ws/install/champ_msgs/share/champ_msgs/cmake/ament_cmake_export_include_directories-extras.cmake
[4.566s] -- Symlinking: /home/gopi/friday_ws/install/champ_msgs/share/champ_msgs/cmake/ament_cmake_export_libraries-extras.cmake
[4.571s] -- Symlinking: /home/gopi/friday_ws/install/champ_msgs/share/champ_msgs/cmake/ament_cmake_export_targets-extras.cmake
[4.579s] -- Symlinking: /home/gopi/friday_ws/install/champ_msgs/share/champ_msgs/cmake/rosidl_cmake_export_typesupport_targets-extras.cmake
[4.587s] -- Symlinking: /home/gopi/friday_ws/install/champ_msgs/share/champ_msgs/cmake/rosidl_cmake_export_typesupport_libraries-extras.cmake
[4.595s] -- Symlinking: /home/gopi/friday_ws/install/champ_msgs/share/champ_msgs/cmake/champ_msgsConfig.cmake
[4.604s] -- Symlinking: /home/gopi/friday_ws/install/champ_msgs/share/champ_msgs/cmake/champ_msgsConfig-version.cmake
[4.612s] -- Symlinking: /home/gopi/friday_ws/install/champ_msgs/share/champ_msgs/package.xml
[4.622s] -- Installing: /home/gopi/friday_ws/install/champ_msgs/lib/libchamp_msgs__rosidl_generator_c.so
[4.623s] -- Set runtime path of "/home/gopi/friday_ws/install/champ_msgs/lib/libchamp_msgs__rosidl_generator_c.so" to ""
[4.623s] -- Installing: /home/gopi/friday_ws/install/champ_msgs/lib/libchamp_msgs__rosidl_typesupport_fastrtps_c.so
[4.624s] -- Set runtime path of "/home/gopi/friday_ws/install/champ_msgs/lib/libchamp_msgs__rosidl_typesupport_fastrtps_c.so" to ""
[4.624s] -- Installing: /home/gopi/friday_ws/install/champ_msgs/lib/libchamp_msgs__rosidl_typesupport_introspection_c.so
[4.624s] -- Set runtime path of "/home/gopi/friday_ws/install/champ_msgs/lib/libchamp_msgs__rosidl_typesupport_introspection_c.so" to ""
[4.624s] -- Installing: /home/gopi/friday_ws/install/champ_msgs/lib/libchamp_msgs__rosidl_typesupport_c.so
[4.625s] -- Set runtime path of "/home/gopi/friday_ws/install/champ_msgs/lib/libchamp_msgs__rosidl_typesupport_c.so" to ""
[4.625s] -- Installing: /home/gopi/friday_ws/install/champ_msgs/lib/libchamp_msgs__rosidl_typesupport_fastrtps_cpp.so
[4.626s] -- Set runtime path of "/home/gopi/friday_ws/install/champ_msgs/lib/libchamp_msgs__rosidl_typesupport_fastrtps_cpp.so" to ""
[4.626s] -- Installing: /home/gopi/friday_ws/install/champ_msgs/lib/libchamp_msgs__rosidl_typesupport_introspection_cpp.so
[4.626s] -- Set runtime path of "/home/gopi/friday_ws/install/champ_msgs/lib/libchamp_msgs__rosidl_typesupport_introspection_cpp.so" to ""
[4.626s] -- Installing: /home/gopi/friday_ws/install/champ_msgs/lib/libchamp_msgs__rosidl_typesupport_cpp.so
[4.627s] -- Set runtime path of "/home/gopi/friday_ws/install/champ_msgs/lib/libchamp_msgs__rosidl_typesupport_cpp.so" to ""
[4.652s] Listing '/home/gopi/friday_ws/install/champ_msgs/local/lib/python3.10/dist-packages/champ_msgs'...
[4.653s] Compiling '/home/gopi/friday_ws/install/champ_msgs/local/lib/python3.10/dist-packages/champ_msgs/__init__.py'...
[4.653s] Listing '/home/gopi/friday_ws/install/champ_msgs/local/lib/python3.10/dist-packages/champ_msgs/msg'...
[4.653s] Compiling '/home/gopi/friday_ws/install/champ_msgs/local/lib/python3.10/dist-packages/champ_msgs/msg/__init__.py'...
[4.653s] Compiling '/home/gopi/friday_ws/install/champ_msgs/local/lib/python3.10/dist-packages/champ_msgs/msg/_contacts.py'...
[4.653s] Compiling '/home/gopi/friday_ws/install/champ_msgs/local/lib/python3.10/dist-packages/champ_msgs/msg/_contacts_stamped.py'...
[4.653s] Compiling '/home/gopi/friday_ws/install/champ_msgs/local/lib/python3.10/dist-packages/champ_msgs/msg/_imu.py'...
[4.653s] Compiling '/home/gopi/friday_ws/install/champ_msgs/local/lib/python3.10/dist-packages/champ_msgs/msg/_joints.py'...
[4.653s] Compiling '/home/gopi/friday_ws/install/champ_msgs/local/lib/python3.10/dist-packages/champ_msgs/msg/_pid.py'...
[4.653s] Compiling '/home/gopi/friday_ws/install/champ_msgs/local/lib/python3.10/dist-packages/champ_msgs/msg/_point.py'...
[4.653s] Compiling '/home/gopi/friday_ws/install/champ_msgs/local/lib/python3.10/dist-packages/champ_msgs/msg/_point_array.py'...
[4.653s] Compiling '/home/gopi/friday_ws/install/champ_msgs/local/lib/python3.10/dist-packages/champ_msgs/msg/_pose.py'...
[4.653s] Compiling '/home/gopi/friday_ws/install/champ_msgs/local/lib/python3.10/dist-packages/champ_msgs/msg/_velocities.py'...
[4.655s] -- Installing: /home/gopi/friday_ws/install/champ_msgs/lib/libchamp_msgs__rosidl_generator_py.so
[4.655s] -- Set runtime path of "/home/gopi/friday_ws/install/champ_msgs/lib/libchamp_msgs__rosidl_generator_py.so" to ""
[4.655s] -- Installing: /home/gopi/friday_ws/install/champ_msgs/share/champ_msgs/cmake/export_champ_msgs__rosidl_generator_cExport.cmake
[4.655s] -- Installing: /home/gopi/friday_ws/install/champ_msgs/share/champ_msgs/cmake/export_champ_msgs__rosidl_generator_cExport-noconfig.cmake
[4.655s] -- Installing: /home/gopi/friday_ws/install/champ_msgs/share/champ_msgs/cmake/export_champ_msgs__rosidl_typesupport_fastrtps_cExport.cmake
[4.655s] -- Installing: /home/gopi/friday_ws/install/champ_msgs/share/champ_msgs/cmake/export_champ_msgs__rosidl_typesupport_fastrtps_cExport-noconfig.cmake
[4.655s] -- Installing: /home/gopi/friday_ws/install/champ_msgs/share/champ_msgs/cmake/champ_msgs__rosidl_typesupport_introspection_cExport.cmake
[4.656s] -- Installing: /home/gopi/friday_ws/install/champ_msgs/share/champ_msgs/cmake/champ_msgs__rosidl_typesupport_introspection_cExport-noconfig.cmake
[4.656s] -- Installing: /home/gopi/friday_ws/install/champ_msgs/share/champ_msgs/cmake/champ_msgs__rosidl_typesupport_cExport.cmake
[4.656s] -- Installing: /home/gopi/friday_ws/install/champ_msgs/share/champ_msgs/cmake/champ_msgs__rosidl_typesupport_cExport-noconfig.cmake
[4.656s] -- Installing: /home/gopi/friday_ws/install/champ_msgs/share/champ_msgs/cmake/export_champ_msgs__rosidl_generator_cppExport.cmake
[4.656s] -- Installing: /home/gopi/friday_ws/install/champ_msgs/share/champ_msgs/cmake/export_champ_msgs__rosidl_typesupport_fastrtps_cppExport.cmake
[4.656s] -- Installing: /home/gopi/friday_ws/install/champ_msgs/share/champ_msgs/cmake/export_champ_msgs__rosidl_typesupport_fastrtps_cppExport-noconfig.cmake
[4.656s] -- Installing: /home/gopi/friday_ws/install/champ_msgs/share/champ_msgs/cmake/champ_msgs__rosidl_typesupport_introspection_cppExport.cmake
[4.656s] -- Installing: /home/gopi/friday_ws/install/champ_msgs/share/champ_msgs/cmake/champ_msgs__rosidl_typesupport_introspection_cppExport-noconfig.cmake
[4.656s] -- Installing: /home/gopi/friday_ws/install/champ_msgs/share/champ_msgs/cmake/champ_msgs__rosidl_typesupport_cppExport.cmake
[4.656s] -- Installing: /home/gopi/friday_ws/install/champ_msgs/share/champ_msgs/cmake/champ_msgs__rosidl_typesupport_cppExport-noconfig.cmake
[4.656s] -- Installing: /home/gopi/friday_ws/install/champ_msgs/share/champ_msgs/cmake/export_champ_msgs__rosidl_generator_pyExport.cmake
[4.656s] -- Installing: /home/gopi/friday_ws/install/champ_msgs/share/champ_msgs/cmake/export_champ_msgs__rosidl_generator_pyExport-noconfig.cmake
[4.658s] Invoked command in '/home/gopi/friday_ws/build/champ_msgs' returned '0': CMAKE_PREFIX_PATH=/opt/ros/humble /usr/bin/cmake --install /home/gopi/friday_ws/build/champ_msgs
