-- Install configuration: ""
-- Execute custom install script
-- Up-to-date symlink: /home/gopi/friday_ws/install/champ_description/share/champ_description/launch/description.launch
-- Up-to-date symlink: /home/gopi/friday_ws/install/champ_description/share/champ_description/launch/description.launch.py
-- Up-to-date symlink: /home/gopi/friday_ws/install/champ_description/share/champ_description/launch/view_urdf.launch
-- Up-to-date symlink: /home/gopi/friday_ws/install/champ_description/share/champ_description/rviz/urdf_viewer.rviz
-- Up-to-date symlink: /home/gopi/friday_ws/install/champ_description/share/champ_description/meshes/base_link.STL
-- Up-to-date symlink: /home/gopi/friday_ws/install/champ_description/share/champ_description/meshes/fl_abad_link.STL
-- Up-to-date symlink: /home/gopi/friday_ws/install/champ_description/share/champ_description/meshes/fl_foot_link.STL
-- Up-to-date symlink: /home/gopi/friday_ws/install/champ_description/share/champ_description/meshes/fl_lower_leg_link.STL
-- Up-to-date symlink: /home/gopi/friday_ws/install/champ_description/share/champ_description/meshes/fl_upper_leg_link.STL
-- Up-to-date symlink: /home/gopi/friday_ws/install/champ_description/share/champ_description/meshes/fr_abad_link.STL
-- Up-to-date symlink: /home/gopi/friday_ws/install/champ_description/share/champ_description/meshes/fr_foot_link.STL
-- Up-to-date symlink: /home/gopi/friday_ws/install/champ_description/share/champ_description/meshes/fr_lower_leg_link.STL
-- Up-to-date symlink: /home/gopi/friday_ws/install/champ_description/share/champ_description/meshes/fr_upper_leg_linnk.STL
-- Up-to-date symlink: /home/gopi/friday_ws/install/champ_description/share/champ_description/meshes/hl_abad_link.STL
-- Up-to-date symlink: /home/gopi/friday_ws/install/champ_description/share/champ_description/meshes/hl_foot_link.STL
-- Up-to-date symlink: /home/gopi/friday_ws/install/champ_description/share/champ_description/meshes/hl_lower_leg_link.STL
-- Up-to-date symlink: /home/gopi/friday_ws/install/champ_description/share/champ_description/meshes/hl_upper_leg_linnk.STL
-- Up-to-date symlink: /home/gopi/friday_ws/install/champ_description/share/champ_description/meshes/hr_abad_link.STL
-- Up-to-date symlink: /home/gopi/friday_ws/install/champ_description/share/champ_description/meshes/hr_foot_link.STL
-- Up-to-date symlink: /home/gopi/friday_ws/install/champ_description/share/champ_description/meshes/hr_lower_leg_link.STL
-- Up-to-date symlink: /home/gopi/friday_ws/install/champ_description/share/champ_description/meshes/hr_upper_leg_link.STL
-- Up-to-date symlink: /home/gopi/friday_ws/install/champ_description/share/champ_description/urdf/friday.urdf
-- Up-to-date symlink: /home/gopi/friday_ws/install/champ_description/share/champ_description/urdf/friday_robot.csv
-- Up-to-date symlink: /home/gopi/friday_ws/install/champ_description/share/ament_index/resource_index/package_run_dependencies/champ_description
-- Up-to-date symlink: /home/gopi/friday_ws/install/champ_description/share/ament_index/resource_index/parent_prefix_path/champ_description
-- Up-to-date symlink: /home/gopi/friday_ws/install/champ_description/share/champ_description/environment/ament_prefix_path.sh
-- Up-to-date symlink: /home/gopi/friday_ws/install/champ_description/share/champ_description/environment/ament_prefix_path.dsv
-- Up-to-date symlink: /home/gopi/friday_ws/install/champ_description/share/champ_description/environment/path.sh
-- Up-to-date symlink: /home/gopi/friday_ws/install/champ_description/share/champ_description/environment/path.dsv
-- Up-to-date symlink: /home/gopi/friday_ws/install/champ_description/share/champ_description/local_setup.bash
-- Up-to-date symlink: /home/gopi/friday_ws/install/champ_description/share/champ_description/local_setup.sh
-- Up-to-date symlink: /home/gopi/friday_ws/install/champ_description/share/champ_description/local_setup.zsh
-- Up-to-date symlink: /home/gopi/friday_ws/install/champ_description/share/champ_description/local_setup.dsv
-- Symlinking: /home/gopi/friday_ws/install/champ_description/share/champ_description/package.dsv
-- Up-to-date symlink: /home/gopi/friday_ws/install/champ_description/share/ament_index/resource_index/packages/champ_description
-- Up-to-date symlink: /home/gopi/friday_ws/install/champ_description/share/champ_description/cmake/champ_descriptionConfig.cmake
-- Up-to-date symlink: /home/gopi/friday_ws/install/champ_description/share/champ_description/cmake/champ_descriptionConfig-version.cmake
-- Up-to-date symlink: /home/gopi/friday_ws/install/champ_description/share/champ_description/package.xml
